2023-12-26 16:58:26.762  INFO 18004 --- [main] go.kr.dsp.api.DspApiApplication          : Starting DspApiApplication using Java 11.0.21 on localhost.localdomain with PID 18004 (/home/dsp_deploy/agent-1.0.0.jar started by root in /home/dsp_deploy)
2023-12-26 16:58:26.810  INFO 18004 --- [main] go.kr.dsp.api.DspApiApplication          : The following 1 profile is active: "deploy"
2023-12-26 16:58:28.111  INFO 18004 --- [main] o.s.b.w.embedded.tomcat.TomcatWebServer  : Tomcat initialized with port(s): 7878 (http)
2023-12-26 16:58:28.119  INFO 18004 --- [main] o.apache.catalina.core.StandardService   : Starting service [Tomcat]
2023-12-26 16:58:28.119  INFO 18004 --- [main] org.apache.catalina.core.StandardEngine  : Starting Servlet engine: [Apache Tomcat/9.0.70]
2023-12-26 16:58:28.172  INFO 18004 --- [main] o.a.c.c.C.[Tomcat].[localhost].[/]       : Initializing Spring embedded WebApplicationContext
2023-12-26 16:58:28.173  INFO 18004 --- [main] w.s.c.ServletWebServerApplicationContext : Root WebApplicationContext: initialization completed in 1288 ms
2023-12-26 16:58:29.145  INFO 18004 --- [main] o.s.b.a.e.web.EndpointLinksResolver      : Exposing 1 endpoint(s) beneath base path '/actuator'
2023-12-26 16:58:29.195  INFO 18004 --- [main] o.a.c.c.s.CamelHttpTransportServlet      : Initialized CamelHttpTransportServlet[name=CamelServlet, contextPath=]
2023-12-26 16:58:29.196  INFO 18004 --- [main] o.s.b.w.embedded.tomcat.TomcatWebServer  : Tomcat started on port(s): 7878 (http) with context path ''
2023-12-26 16:58:29.471  INFO 18004 --- [main] o.a.c.impl.engine.AbstractCamelContext   : Apache Camel 3.20.0 (camel-1) is starting
2023-12-26 16:58:29.497  INFO 18004 --- [main] org.eclipse.jetty.util.log               : Logging initialized @3701ms to org.eclipse.jetty.util.log.Slf4jLog
2023-12-26 16:58:29.537  INFO 18004 --- [main] org.eclipse.jetty.server.Server          : jetty-9.4.50.v20221201; built: 2022-12-01T22:07:03.915Z; git: da9a0b30691a45daf90a9f17b5defa2f1434f882; jvm 11.0.21+9-LTS
2023-12-26 16:58:29.558  INFO 18004 --- [main] o.e.jetty.server.handler.ContextHandler  : Started o.e.j.s.ServletContextHandler@7fc7c4a{/,null,AVAILABLE}
2023-12-26 16:58:29.567  INFO 18004 --- [main] o.e.jetty.server.AbstractConnector       : Started ServerConnector@4d6ee47{HTTP/1.1, (http/1.1)}{172.30.1.84:6666}
2023-12-26 16:58:29.568  INFO 18004 --- [main] org.eclipse.jetty.server.Server          : Started @3771ms
2023-12-26 16:58:29.574  INFO 18004 --- [main] o.a.c.impl.engine.AbstractCamelContext   : Routes startup (started:1)
2023-12-26 16:58:29.574  INFO 18004 --- [main] o.a.c.impl.engine.AbstractCamelContext   :     Started dsp-deploy (jetty:http://172.30.1.84:6666/file)
2023-12-26 16:58:29.574  INFO 18004 --- [main] o.a.c.impl.engine.AbstractCamelContext   : Apache Camel 3.20.0 (camel-1) started in 316ms (build:40ms init:173ms start:103ms)
2023-12-26 16:58:29.578  INFO 18004 --- [main] go.kr.dsp.api.DspApiApplication          : Started DspApiApplication in 3.373 seconds (JVM running for 3.782)
2023-12-26 16:59:28.476  INFO 18004 --- [SpringApplicationShutdownHook] o.a.c.impl.engine.AbstractCamelContext   : Apache Camel 3.20.0 (camel-1) is shutting down (timeout:45s)
2023-12-26 16:59:28.497  INFO 18004 --- [Camel (camel-1) thread #1 - ShutdownTask] o.e.jetty.server.AbstractConnector       : Stopped ServerConnector@4d6ee47{HTTP/1.1, (http/1.1)}{172.30.1.84:6666}
2023-12-26 16:59:28.500  INFO 18004 --- [Camel (camel-1) thread #1 - ShutdownTask] o.e.jetty.server.handler.ContextHandler  : Stopped o.e.j.s.ServletContextHandler@7fc7c4a{/,null,STOPPED}
2023-12-26 16:59:28.511  INFO 18004 --- [SpringApplicationShutdownHook] o.a.c.impl.engine.AbstractCamelContext   : Routes stopped (stopped:1)
2023-12-26 16:59:28.511  INFO 18004 --- [SpringApplicationShutdownHook] o.a.c.impl.engine.AbstractCamelContext   :     Stopped dsp-deploy (jetty:http://172.30.1.84:6666/file)
2023-12-26 16:59:28.514  INFO 18004 --- [SpringApplicationShutdownHook] o.a.c.impl.engine.AbstractCamelContext   : Apache Camel 3.20.0 (camel-1) shutdown in 38ms (uptime:59s)
2023-12-26 16:59:28.520  INFO 18004 --- [SpringApplicationShutdownHook] o.a.c.c.s.CamelHttpTransportServlet      : Destroyed CamelHttpTransportServlet[CamelServlet]
2023-12-26 17:00:20.864  INFO 18099 --- [main] go.kr.dsp.api.DspApiApplication          : Starting DspApiApplication using Java 11.0.21 on localhost.localdomain with PID 18099 (/home/dsp_deploy/agent-1.0.0.jar started by root in /home/dsp_deploy)
2023-12-26 17:00:20.866  INFO 18099 --- [main] go.kr.dsp.api.DspApiApplication          : The following 1 profile is active: "deploy"
2023-12-26 17:00:22.110  INFO 18099 --- [main] o.s.b.w.embedded.tomcat.TomcatWebServer  : Tomcat initialized with port(s): 7878 (http)
2023-12-26 17:00:22.119  INFO 18099 --- [main] o.apache.catalina.core.StandardService   : Starting service [Tomcat]
2023-12-26 17:00:22.119  INFO 18099 --- [main] org.apache.catalina.core.StandardEngine  : Starting Servlet engine: [Apache Tomcat/9.0.70]
2023-12-26 17:00:22.163  INFO 18099 --- [main] o.a.c.c.C.[Tomcat].[localhost].[/]       : Initializing Spring embedded WebApplicationContext
2023-12-26 17:00:22.163  INFO 18099 --- [main] w.s.c.ServletWebServerApplicationContext : Root WebApplicationContext: initialization completed in 1249 ms
2023-12-26 17:00:23.193  INFO 18099 --- [main] o.s.b.a.e.web.EndpointLinksResolver      : Exposing 1 endpoint(s) beneath base path '/actuator'
2023-12-26 17:00:23.241  INFO 18099 --- [main] o.a.c.c.s.CamelHttpTransportServlet      : Initialized CamelHttpTransportServlet[name=CamelServlet, contextPath=]
2023-12-26 17:00:23.242  INFO 18099 --- [main] o.s.b.w.embedded.tomcat.TomcatWebServer  : Tomcat started on port(s): 7878 (http) with context path ''
2023-12-26 17:00:23.536  INFO 18099 --- [main] o.a.c.impl.engine.AbstractCamelContext   : Apache Camel 3.20.0 (camel-1) is starting
2023-12-26 17:00:23.564  INFO 18099 --- [main] org.eclipse.jetty.util.log               : Logging initialized @3536ms to org.eclipse.jetty.util.log.Slf4jLog
2023-12-26 17:00:23.603  INFO 18099 --- [main] org.eclipse.jetty.server.Server          : jetty-9.4.50.v20221201; built: 2022-12-01T22:07:03.915Z; git: da9a0b30691a45daf90a9f17b5defa2f1434f882; jvm 11.0.21+9-LTS
2023-12-26 17:00:23.622  INFO 18099 --- [main] o.e.jetty.server.handler.ContextHandler  : Started o.e.j.s.ServletContextHandler@39e43310{/,null,AVAILABLE}
2023-12-26 17:00:23.628  INFO 18099 --- [main] o.e.jetty.server.AbstractConnector       : Started ServerConnector@7e1f584d{HTTP/1.1, (http/1.1)}{172.30.1.84:9085}
2023-12-26 17:00:23.629  INFO 18099 --- [main] org.eclipse.jetty.server.Server          : Started @3600ms
2023-12-26 17:00:23.635  INFO 18099 --- [main] o.a.c.impl.engine.AbstractCamelContext   : Routes startup (started:1)
2023-12-26 17:00:23.635  INFO 18099 --- [main] o.a.c.impl.engine.AbstractCamelContext   :     Started dsp-deploy (jetty:http://172.30.1.84:9085/file)
2023-12-26 17:00:23.635  INFO 18099 --- [main] o.a.c.impl.engine.AbstractCamelContext   : Apache Camel 3.20.0 (camel-1) started in 302ms (build:61ms init:144ms start:97ms)
2023-12-26 17:00:23.639  INFO 18099 --- [main] go.kr.dsp.api.DspApiApplication          : Started DspApiApplication in 3.258 seconds (JVM running for 3.611)
2023-12-26 17:00:37.167  INFO 18099 --- [qtp118363130-36] deploy-template.yaml:15                  : {Accept-Encoding=gzip,deflate, agtInstlLocSeCd=1, agtInstlSysId=ASID2023122217000002, agtSeCd=02, CamelHttpMethod=POST, CamelHttpPath=, CamelHttpQuery=null, CamelHttpServletRequest=Request(POST //172.30.1.84:9085/file)@623dbe38, CamelHttpServletResponse=HTTP/1.1 200 

, CamelHttpUri=/file, CamelHttpUrl=http://172.30.1.84:9085/file, CamelServletContextPath=/file, Connection=keep-alive, Content-Length=62, fileExtension=sh, Host=172.30.1.84:9085, srvcCd=S00000, srvcInstCd=I0000000, sysIpAddr=172.30.1.84, sysNm=was-camel, sysPortNo=9085, User-Agent=Apache-HttpClient/4.5.13 (Java/11.0.20), version=}
2023-12-26 17:00:37.182  INFO 18099 --- [qtp118363130-36] go.kr.dsp.api.processor.ScriptProcessor  : /home/dsp_deploy
2023-12-26 17:00:37.183  INFO 18099 --- [qtp118363130-36] go.kr.dsp.api.processor.ScriptProcessor  : 실행 스크립트: 
#!/bin/sh
echo "Test..."

cd /home/dsp_if

ls -al

echo "Done"
2023-12-26 17:00:37.191  INFO 18099 --- [qtp118363130-36] deploy-template.yaml:14                  : /home/dsp_deploy/script/null
2023-12-26 17:06:13.178  INFO 18099 --- [qtp118363130-34] deploy-template.yaml:15                  : {Accept-Encoding=gzip,deflate, agtInstlLocSeCd=1, agtInstlSysId=ASID2023122217000002, agtSeCd=02, CamelHttpMethod=POST, CamelHttpPath=, CamelHttpQuery=null, CamelHttpServletRequest=Request(POST //172.30.1.84:9085/file)@3e21bb43, CamelHttpServletResponse=HTTP/1.1 200 

, CamelHttpUri=/file, CamelHttpUrl=http://172.30.1.84:9085/file, CamelServletContextPath=/file, Connection=keep-alive, Content-Length=62, fileExtension=sh, fileName=ASID2023122217000002-if-template.sh, Host=172.30.1.84:9085, srvcCd=S00000, srvcInstCd=I0000000, sysIpAddr=172.30.1.84, sysNm=was-camel, sysPortNo=9085, User-Agent=Apache-HttpClient/4.5.13 (Java/11.0.20), version=}
2023-12-26 17:06:13.180  INFO 18099 --- [qtp118363130-34] go.kr.dsp.api.processor.ScriptProcessor  : /home/dsp_deploy
2023-12-26 17:06:13.181  INFO 18099 --- [qtp118363130-34] go.kr.dsp.api.processor.ScriptProcessor  : 실행 스크립트: 
#!/bin/sh
echo "Test..."

cd /home/dsp_if

ls -al

echo "Done"
2023-12-26 17:06:13.191  INFO 18099 --- [qtp118363130-34] go.kr.dsp.api.processor.ScriptProcessor  : Test...
2023-12-26 17:06:13.193  INFO 18099 --- [qtp118363130-34] go.kr.dsp.api.processor.ScriptProcessor  : 합계 77880
2023-12-26 17:06:13.194  INFO 18099 --- [qtp118363130-34] go.kr.dsp.api.processor.ScriptProcessor  : drwxr-xr-x. 6 root root       79 12월 26 17:00 .
2023-12-26 17:06:13.194  INFO 18099 --- [qtp118363130-34] go.kr.dsp.api.processor.ScriptProcessor  : drwxr-xr-x. 4 root root       38 11월 21 09:16 ..
2023-12-26 17:06:13.194  INFO 18099 --- [qtp118363130-34] go.kr.dsp.api.processor.ScriptProcessor  : -rw-r--r--. 1 root root 79746322 12월 26 16:58 agent-1.0.0.jar
2023-12-26 17:06:13.194  INFO 18099 --- [qtp118363130-34] go.kr.dsp.api.processor.ScriptProcessor  : drwxr-xr-x. 2 root root       55 12월  8 17:14 file
2023-12-26 17:06:13.195  INFO 18099 --- [qtp118363130-34] go.kr.dsp.api.processor.ScriptProcessor  : drwxr-xr-x. 2 root root      230 12월 19 14:17 logs
2023-12-26 17:06:13.195  INFO 18099 --- [qtp118363130-34] go.kr.dsp.api.processor.ScriptProcessor  : drwxr-xr-x. 3 root root      173 12월 19 14:17 script
2023-12-26 17:06:13.195  INFO 18099 --- [qtp118363130-34] go.kr.dsp.api.processor.ScriptProcessor  : drwxr-xr-x. 4 root root       40 12월 26 17:00 yaml
2023-12-26 17:06:13.195  INFO 18099 --- [qtp118363130-34] go.kr.dsp.api.processor.ScriptProcessor  : Done
2023-12-26 17:06:13.229  INFO 18099 --- [qtp118363130-34] go.kr.dsp.api.processor.ScriptProcessor  : Exited with code 0
2023-12-26 17:06:13.241  INFO 18099 --- [qtp118363130-34] g.kr.dsp.api.processor.LogFileProcessor  : 스크립트 결과:
Test...
합계 77880
drwxr-xr-x. 6 root root       79 12월 26 17:00 .
drwxr-xr-x. 4 root root       38 11월 21 09:16 ..
-rw-r--r--. 1 root root 79746322 12월 26 16:58 agent-1.0.0.jar
drwxr-xr-x. 2 root root       55 12월  8 17:14 file
drwxr-xr-x. 2 root root      230 12월 19 14:17 logs
drwxr-xr-x. 3 root root      173 12월 19 14:17 script
drwxr-xr-x. 4 root root       40 12월 26 17:00 yaml
Done

2023-12-26 17:06:38.142  INFO 18099 --- [qtp118363130-32] deploy-template.yaml:15                  : {Accept-Encoding=gzip,deflate, agtInstlLocSeCd=1, agtInstlSysId=ASID2023122217000002, agtSeCd=02, CamelHttpMethod=POST, CamelHttpPath=, CamelHttpQuery=null, CamelHttpServletRequest=Request(POST //172.30.1.84:9085/file)@3e21bb43, CamelHttpServletResponse=HTTP/1.1 200 

, CamelHttpUri=/file, CamelHttpUrl=http://172.30.1.84:9085/file, CamelServletContextPath=/file, Connection=keep-alive, Content-Length=62, fileExtension=sh, fileName=ASID2023122217000002-if-template.sh, Host=172.30.1.84:9085, srvcCd=S00000, srvcInstCd=I0000000, sysIpAddr=172.30.1.84, sysNm=was-camel, sysPortNo=9085, User-Agent=Apache-HttpClient/4.5.13 (Java/11.0.20), version=}
2023-12-26 17:06:38.146  INFO 18099 --- [qtp118363130-32] go.kr.dsp.api.processor.ScriptProcessor  : /home/dsp_deploy
2023-12-26 17:06:38.146  INFO 18099 --- [qtp118363130-32] go.kr.dsp.api.processor.ScriptProcessor  : 실행 스크립트: 
#!/bin/sh
echo "Test..."

cd /home/dsp_if

ls -al

echo "Done"
2023-12-26 17:06:38.148  INFO 18099 --- [qtp118363130-32] go.kr.dsp.api.processor.ScriptProcessor  : Test...
2023-12-26 17:06:38.153  INFO 18099 --- [qtp118363130-32] go.kr.dsp.api.processor.ScriptProcessor  : 합계 77880
2023-12-26 17:06:38.153  INFO 18099 --- [qtp118363130-32] go.kr.dsp.api.processor.ScriptProcessor  : drwxr-xr-x. 6 root root       79 12월 26 17:00 .
2023-12-26 17:06:38.153  INFO 18099 --- [qtp118363130-32] go.kr.dsp.api.processor.ScriptProcessor  : drwxr-xr-x. 4 root root       38 11월 21 09:16 ..
2023-12-26 17:06:38.153  INFO 18099 --- [qtp118363130-32] go.kr.dsp.api.processor.ScriptProcessor  : -rw-r--r--. 1 root root 79746322 12월 26 16:58 agent-1.0.0.jar
2023-12-26 17:06:38.153  INFO 18099 --- [qtp118363130-32] go.kr.dsp.api.processor.ScriptProcessor  : drwxr-xr-x. 2 root root       55 12월  8 17:14 file
2023-12-26 17:06:38.153  INFO 18099 --- [qtp118363130-32] go.kr.dsp.api.processor.ScriptProcessor  : drwxr-xr-x. 2 root root      230 12월 19 14:17 logs
2023-12-26 17:06:38.154  INFO 18099 --- [qtp118363130-32] go.kr.dsp.api.processor.ScriptProcessor  : drwxr-xr-x. 3 root root      173 12월 19 14:17 script
2023-12-26 17:06:38.154  INFO 18099 --- [qtp118363130-32] go.kr.dsp.api.processor.ScriptProcessor  : drwxr-xr-x. 4 root root       40 12월 26 17:00 yaml
2023-12-26 17:06:38.154  INFO 18099 --- [qtp118363130-32] go.kr.dsp.api.processor.ScriptProcessor  : Done
2023-12-26 17:06:38.157  INFO 18099 --- [qtp118363130-32] go.kr.dsp.api.processor.ScriptProcessor  : Exited with code 0
2023-12-26 17:06:38.159  INFO 18099 --- [qtp118363130-32] g.kr.dsp.api.processor.LogFileProcessor  : 스크립트 결과:
Test...
합계 77880
drwxr-xr-x. 6 root root       79 12월 26 17:00 .
drwxr-xr-x. 4 root root       38 11월 21 09:16 ..
-rw-r--r--. 1 root root 79746322 12월 26 16:58 agent-1.0.0.jar
drwxr-xr-x. 2 root root       55 12월  8 17:14 file
drwxr-xr-x. 2 root root      230 12월 19 14:17 logs
drwxr-xr-x. 3 root root      173 12월 19 14:17 script
drwxr-xr-x. 4 root root       40 12월 26 17:00 yaml
Done

2023-12-26 17:17:21.944  INFO 18099 --- [qtp118363130-37] deploy-template.yaml:15                  : {Accept-Encoding=gzip,deflate, agtInstlLocSeCd=1, agtInstlSysId=ASID2023122217000002, agtSeCd=02, CamelHttpMethod=POST, CamelHttpPath=, CamelHttpQuery=null, CamelHttpServletRequest=Request(POST //172.30.1.84:9085/file)@11b84204, CamelHttpServletResponse=HTTP/1.1 200 

, CamelHttpUri=/file, CamelHttpUrl=http://172.30.1.84:9085/file, CamelServletContextPath=/file, Connection=keep-alive, Content-Length=1271, fileExtension=yaml, fileName=ASID2023122217000002-if-template-1.0.0.yaml, Host=172.30.1.84:9085, srvcCd=S00000, srvcInstCd=I0000000, sysIpAddr=172.30.1.84, sysNm=was-camel, sysPortNo=9085, User-Agent=Apache-HttpClient/4.5.13 (Java/11.0.20), version=1.0.0}
2023-12-26 17:19:00.461  INFO 18099 --- [qtp118363130-37] deploy-template.yaml:15                  : {Accept-Encoding=gzip,deflate, agtInstlLocSeCd=1, agtInstlSysId=ASID2023122217000002, agtSeCd=02, CamelHttpMethod=POST, CamelHttpPath=, CamelHttpQuery=null, CamelHttpServletRequest=Request(POST //172.30.1.84:9085/file)@6d1cacbe, CamelHttpServletResponse=HTTP/1.1 200 

, CamelHttpUri=/file, CamelHttpUrl=http://172.30.1.84:9085/file, CamelServletContextPath=/file, Connection=keep-alive, Content-Length=1271, fileExtension=yaml, fileName=ASID2023122217000002-if-template-1.0.0.yaml, Host=172.30.1.84:9085, srvcCd=S00000, srvcInstCd=I0000000, sysIpAddr=172.30.1.84, sysNm=was-camel, sysPortNo=9085, User-Agent=Apache-HttpClient/4.5.13 (Java/11.0.20), version=1.0.0}
