2023-12-11 10:50:43.184  INFO 11999 --- [main] go.kr.dsp.api.DspApiApplication          : Starting DspApiApplication using Java 11.0.21 on localhost.localdomain with PID 11999 (/home/dsp_if/agent-1.0.0.jar started by root in /home/dsp_if)
2023-12-11 10:50:43.206  INFO 11999 --- [main] go.kr.dsp.api.DspApiApplication          : The following 1 profile is active: "if"
2023-12-11 10:50:44.516  INFO 11999 --- [main] o.s.b.w.embedded.tomcat.TomcatWebServer  : Tomcat initialized with port(s): 8787 (http)
2023-12-11 10:50:44.525  INFO 11999 --- [main] o.apache.catalina.core.StandardService   : Starting service [Tomcat]
2023-12-11 10:50:44.525  INFO 11999 --- [main] org.apache.catalina.core.StandardEngine  : Starting Servlet engine: [Apache Tomcat/9.0.70]
2023-12-11 10:50:44.577  INFO 11999 --- [main] o.a.c.c.C.[Tomcat].[localhost].[/]       : Initializing Spring embedded WebApplicationContext
2023-12-11 10:50:44.577  INFO 11999 --- [main] w.s.c.ServletWebServerApplicationContext : Root WebApplicationContext: initialization completed in 1340 ms
2023-12-11 10:50:45.568  INFO 11999 --- [main] o.s.b.a.e.web.EndpointLinksResolver      : Exposing 1 endpoint(s) beneath base path '/actuator'
2023-12-11 10:50:45.624  INFO 11999 --- [main] o.a.c.c.s.CamelHttpTransportServlet      : Initialized CamelHttpTransportServlet[name=CamelServlet, contextPath=]
2023-12-11 10:50:45.625  INFO 11999 --- [main] o.s.b.w.embedded.tomcat.TomcatWebServer  : Tomcat started on port(s): 8787 (http) with context path ''
2023-12-11 10:50:45.722  INFO 11999 --- [main] o.apache.catalina.core.StandardService   : Stopping service [Tomcat]
2023-12-11 10:50:45.723  INFO 11999 --- [main] o.a.c.c.s.CamelHttpTransportServlet      : Destroyed CamelHttpTransportServlet[CamelServlet]
2023-12-11 10:50:45.727 ERROR 11999 --- [main] o.a.c.c.C.[Tomcat].[localhost].[/]       : Failed to destroy the filter named [Tomcat WebSocket (JSR356) Filter] of type [org.apache.tomcat.websocket.server.WsFilter]

java.lang.AbstractMethodError: Receiver class org.apache.tomcat.websocket.server.WsFilter does not define or inherit an implementation of the resolved method 'abstract void destroy()' of interface javax.servlet.Filter.
	at org.apache.catalina.core.ApplicationFilterConfig.release(ApplicationFilterConfig.java:303) ~[tomcat-embed-core-9.0.70.jar!/:na]
	at org.apache.catalina.core.StandardContext.filterStop(StandardContext.java:4643) ~[tomcat-embed-core-9.0.70.jar!/:na]
	at org.apache.catalina.core.StandardContext.stopInternal(StandardContext.java:5455) ~[tomcat-embed-core-9.0.70.jar!/:na]
	at org.apache.catalina.util.LifecycleBase.stop(LifecycleBase.java:257) ~[tomcat-embed-core-9.0.70.jar!/:na]
	at org.apache.catalina.core.ContainerBase$StopChild.call(ContainerBase.java:1409) ~[tomcat-embed-core-9.0.70.jar!/:na]
	at org.apache.catalina.core.ContainerBase$StopChild.call(ContainerBase.java:1398) ~[tomcat-embed-core-9.0.70.jar!/:na]
	at java.base/java.util.concurrent.FutureTask.run(FutureTask.java:264) ~[na:na]
	at org.apache.tomcat.util.threads.InlineExecutorService.execute(InlineExecutorService.java:75) ~[tomcat-embed-core-9.0.70.jar!/:na]
	at java.base/java.util.concurrent.AbstractExecutorService.submit(AbstractExecutorService.java:140) ~[na:na]
	at org.apache.catalina.core.ContainerBase.stopInternal(ContainerBase.java:983) ~[tomcat-embed-core-9.0.70.jar!/:na]
	at org.apache.catalina.util.LifecycleBase.stop(LifecycleBase.java:257) ~[tomcat-embed-core-9.0.70.jar!/:na]
	at org.apache.catalina.core.ContainerBase$StopChild.call(ContainerBase.java:1409) ~[tomcat-embed-core-9.0.70.jar!/:na]
	at org.apache.catalina.core.ContainerBase$StopChild.call(ContainerBase.java:1398) ~[tomcat-embed-core-9.0.70.jar!/:na]
	at java.base/java.util.concurrent.FutureTask.run(FutureTask.java:264) ~[na:na]
	at org.apache.tomcat.util.threads.InlineExecutorService.execute(InlineExecutorService.java:75) ~[tomcat-embed-core-9.0.70.jar!/:na]
	at java.base/java.util.concurrent.AbstractExecutorService.submit(AbstractExecutorService.java:140) ~[na:na]
	at org.apache.catalina.core.ContainerBase.stopInternal(ContainerBase.java:983) ~[tomcat-embed-core-9.0.70.jar!/:na]
	at org.apache.catalina.util.LifecycleBase.stop(LifecycleBase.java:257) ~[tomcat-embed-core-9.0.70.jar!/:na]
	at org.apache.catalina.core.StandardService.stopInternal(StandardService.java:495) ~[tomcat-embed-core-9.0.70.jar!/:na]
	at org.apache.catalina.util.LifecycleBase.stop(LifecycleBase.java:257) ~[tomcat-embed-core-9.0.70.jar!/:na]
	at org.apache.catalina.core.StandardServer.stopInternal(StandardServer.java:982) ~[tomcat-embed-core-9.0.70.jar!/:na]
	at org.apache.catalina.util.LifecycleBase.stop(LifecycleBase.java:257) ~[tomcat-embed-core-9.0.70.jar!/:na]
	at org.apache.catalina.startup.Tomcat.stop(Tomcat.java:496) ~[tomcat-embed-core-9.0.70.jar!/:na]
	at org.springframework.boot.web.embedded.tomcat.TomcatWebServer.stopTomcat(TomcatWebServer.java:273) ~[spring-boot-2.7.7.jar!/:2.7.7]
	at org.springframework.boot.web.embedded.tomcat.TomcatWebServer.stop(TomcatWebServer.java:331) ~[spring-boot-2.7.7.jar!/:2.7.7]
	at org.springframework.boot.web.servlet.context.ServletWebServerApplicationContext.refresh(ServletWebServerApplicationContext.java:152) ~[spring-boot-2.7.7.jar!/:2.7.7]
	at org.springframework.boot.SpringApplication.refresh(SpringApplication.java:731) ~[spring-boot-2.7.7.jar!/:2.7.7]
	at org.springframework.boot.SpringApplication.refreshContext(SpringApplication.java:408) ~[spring-boot-2.7.7.jar!/:2.7.7]
	at org.springframework.boot.SpringApplication.run(SpringApplication.java:307) ~[spring-boot-2.7.7.jar!/:2.7.7]
	at org.springframework.boot.SpringApplication.run(SpringApplication.java:1303) ~[spring-boot-2.7.7.jar!/:2.7.7]
	at org.springframework.boot.SpringApplication.run(SpringApplication.java:1292) ~[spring-boot-2.7.7.jar!/:2.7.7]
	at go.kr.dsp.api.DspApiApplication.main(DspApiApplication.java:10) ~[classes!/:na]
	at java.base/jdk.internal.reflect.NativeMethodAccessorImpl.invoke0(Native Method) ~[na:na]
	at java.base/jdk.internal.reflect.NativeMethodAccessorImpl.invoke(NativeMethodAccessorImpl.java:62) ~[na:na]
	at java.base/jdk.internal.reflect.DelegatingMethodAccessorImpl.invoke(DelegatingMethodAccessorImpl.java:43) ~[na:na]
	at java.base/java.lang.reflect.Method.invoke(Method.java:566) ~[na:na]
	at org.springframework.boot.loader.MainMethodRunner.run(MainMethodRunner.java:49) ~[agent-1.0.0.jar:na]
	at org.springframework.boot.loader.Launcher.launch(Launcher.java:108) ~[agent-1.0.0.jar:na]
	at org.springframework.boot.loader.Launcher.launch(Launcher.java:58) ~[agent-1.0.0.jar:na]
	at org.springframework.boot.loader.JarLauncher.main(JarLauncher.java:65) ~[agent-1.0.0.jar:na]

2023-12-11 10:50:45.747  INFO 11999 --- [main] ConditionEvaluationReportLoggingListener : 

Error starting ApplicationContext. To display the conditions report re-run your application with 'debug' enabled.
2023-12-11 10:50:45.761 ERROR 11999 --- [main] o.s.boot.SpringApplication               : Application run failed

org.apache.camel.spring.boot.CamelSpringBootInitializationException: java.lang.IllegalArgumentException: Route template if-template the following mandatory parameters must be provided: httpHost
	at org.apache.camel.spring.boot.CamelSpringBootApplicationListener.onApplicationEvent(CamelSpringBootApplicationListener.java:212) ~[camel-spring-boot-3.20.0.jar!/:3.20.0]
	at org.apache.camel.spring.boot.CamelSpringBootApplicationListener.onApplicationEvent(CamelSpringBootApplicationListener.java:58) ~[camel-spring-boot-3.20.0.jar!/:3.20.0]
	at org.springframework.context.event.SimpleApplicationEventMulticaster.doInvokeListener(SimpleApplicationEventMulticaster.java:176) ~[spring-context-5.3.24.jar!/:5.3.24]
	at org.springframework.context.event.SimpleApplicationEventMulticaster.invokeListener(SimpleApplicationEventMulticaster.java:169) ~[spring-context-5.3.24.jar!/:5.3.24]
	at org.springframework.context.event.SimpleApplicationEventMulticaster.multicastEvent(SimpleApplicationEventMulticaster.java:143) ~[spring-context-5.3.24.jar!/:5.3.24]
	at org.springframework.context.support.AbstractApplicationContext.publishEvent(AbstractApplicationContext.java:421) ~[spring-context-5.3.24.jar!/:5.3.24]
	at org.springframework.context.support.AbstractApplicationContext.publishEvent(AbstractApplicationContext.java:378) ~[spring-context-5.3.24.jar!/:5.3.24]
	at org.springframework.context.support.AbstractApplicationContext.finishRefresh(AbstractApplicationContext.java:938) ~[spring-context-5.3.24.jar!/:5.3.24]
	at org.springframework.context.support.AbstractApplicationContext.refresh(AbstractApplicationContext.java:586) ~[spring-context-5.3.24.jar!/:5.3.24]
	at org.springframework.boot.web.servlet.context.ServletWebServerApplicationContext.refresh(ServletWebServerApplicationContext.java:147) ~[spring-boot-2.7.7.jar!/:2.7.7]
	at org.springframework.boot.SpringApplication.refresh(SpringApplication.java:731) ~[spring-boot-2.7.7.jar!/:2.7.7]
	at org.springframework.boot.SpringApplication.refreshContext(SpringApplication.java:408) ~[spring-boot-2.7.7.jar!/:2.7.7]
	at org.springframework.boot.SpringApplication.run(SpringApplication.java:307) ~[spring-boot-2.7.7.jar!/:2.7.7]
	at org.springframework.boot.SpringApplication.run(SpringApplication.java:1303) ~[spring-boot-2.7.7.jar!/:2.7.7]
	at org.springframework.boot.SpringApplication.run(SpringApplication.java:1292) ~[spring-boot-2.7.7.jar!/:2.7.7]
	at go.kr.dsp.api.DspApiApplication.main(DspApiApplication.java:10) ~[classes!/:na]
	at java.base/jdk.internal.reflect.NativeMethodAccessorImpl.invoke0(Native Method) ~[na:na]
	at java.base/jdk.internal.reflect.NativeMethodAccessorImpl.invoke(NativeMethodAccessorImpl.java:62) ~[na:na]
	at java.base/jdk.internal.reflect.DelegatingMethodAccessorImpl.invoke(DelegatingMethodAccessorImpl.java:43) ~[na:na]
	at java.base/java.lang.reflect.Method.invoke(Method.java:566) ~[na:na]
	at org.springframework.boot.loader.MainMethodRunner.run(MainMethodRunner.java:49) ~[agent-1.0.0.jar:na]
	at org.springframework.boot.loader.Launcher.launch(Launcher.java:108) ~[agent-1.0.0.jar:na]
	at org.springframework.boot.loader.Launcher.launch(Launcher.java:58) ~[agent-1.0.0.jar:na]
	at org.springframework.boot.loader.JarLauncher.main(JarLauncher.java:65) ~[agent-1.0.0.jar:na]
Caused by: java.lang.IllegalArgumentException: Route template if-template the following mandatory parameters must be provided: httpHost
	at org.apache.camel.impl.DefaultModel.addRouteFromTemplate(DefaultModel.java:438) ~[camel-core-engine-3.20.0.jar!/:3.20.0]
	at org.apache.camel.impl.DefaultModel.addRouteFromTemplatedRoute(DefaultModel.java:781) ~[camel-core-engine-3.20.0.jar!/:3.20.0]
	at org.apache.camel.impl.DefaultCamelContext.addRouteFromTemplatedRoute(DefaultCamelContext.java:511) ~[camel-core-engine-3.20.0.jar!/:3.20.0]
	at org.apache.camel.model.Model.addRouteFromTemplatedRoutes(Model.java:287) ~[camel-core-model-3.20.0.jar!/:3.20.0]
	at org.apache.camel.builder.RouteBuilder.populateTemplatedRoutes(RouteBuilder.java:748) ~[camel-core-model-3.20.0.jar!/:3.20.0]
	at org.apache.camel.builder.RouteBuilder.addTemplatedRoutesToCamelContext(RouteBuilder.java:622) ~[camel-core-model-3.20.0.jar!/:3.20.0]
	at org.apache.camel.impl.engine.AbstractCamelContext.addTemplatedRoutes(AbstractCamelContext.java:1210) ~[camel-base-engine-3.20.0.jar!/:3.20.0]
	at org.apache.camel.main.RoutesConfigurer.addDiscoveredRoutes(RoutesConfigurer.java:242) ~[camel-main-3.20.0.jar!/:3.20.0]
	at org.apache.camel.main.RoutesConfigurer.configureRoutes(RoutesConfigurer.java:212) ~[camel-main-3.20.0.jar!/:3.20.0]
	at org.apache.camel.spring.boot.CamelSpringBootApplicationListener.onApplicationEvent(CamelSpringBootApplicationListener.java:106) ~[camel-spring-boot-3.20.0.jar!/:3.20.0]
	... 23 common frames omitted

2023-12-11 10:51:21.847  INFO 12065 --- [main] go.kr.dsp.api.DspApiApplication          : Starting DspApiApplication using Java 11.0.21 on localhost.localdomain with PID 12065 (/home/dsp_if/agent-1.0.0.jar started by root in /home/dsp_if)
2023-12-11 10:51:21.849  INFO 12065 --- [main] go.kr.dsp.api.DspApiApplication          : The following 1 profile is active: "if"
2023-12-11 10:51:24.267  INFO 12065 --- [main] o.s.b.w.embedded.tomcat.TomcatWebServer  : Tomcat initialized with port(s): 8787 (http)
2023-12-11 10:51:24.278  INFO 12065 --- [main] o.apache.catalina.core.StandardService   : Starting service [Tomcat]
2023-12-11 10:51:24.279  INFO 12065 --- [main] org.apache.catalina.core.StandardEngine  : Starting Servlet engine: [Apache Tomcat/9.0.70]
2023-12-11 10:51:24.431  INFO 12065 --- [main] o.a.c.c.C.[Tomcat].[localhost].[/]       : Initializing Spring embedded WebApplicationContext
2023-12-11 10:51:24.431  INFO 12065 --- [main] w.s.c.ServletWebServerApplicationContext : Root WebApplicationContext: initialization completed in 2530 ms
2023-12-11 10:51:25.837  INFO 12065 --- [main] o.s.b.a.e.web.EndpointLinksResolver      : Exposing 1 endpoint(s) beneath base path '/actuator'
2023-12-11 10:51:25.877  INFO 12065 --- [main] o.a.c.c.s.CamelHttpTransportServlet      : Initialized CamelHttpTransportServlet[name=CamelServlet, contextPath=]
2023-12-11 10:51:25.878  INFO 12065 --- [main] o.s.b.w.embedded.tomcat.TomcatWebServer  : Tomcat started on port(s): 8787 (http) with context path ''
2023-12-11 10:51:26.149  INFO 12065 --- [main] o.a.c.impl.engine.AbstractCamelContext   : Apache Camel 3.20.0 (camel-1) is starting
2023-12-11 10:51:26.175  INFO 12065 --- [main] org.eclipse.jetty.util.log               : Logging initialized @6465ms to org.eclipse.jetty.util.log.Slf4jLog
2023-12-11 10:51:26.215  INFO 12065 --- [main] org.eclipse.jetty.server.Server          : jetty-9.4.50.v20221201; built: 2022-12-01T22:07:03.915Z; git: da9a0b30691a45daf90a9f17b5defa2f1434f882; jvm 11.0.21+9-LTS
2023-12-11 10:51:26.241  INFO 12065 --- [main] o.e.jetty.server.handler.ContextHandler  : Started o.e.j.s.ServletContextHandler@186cb891{/,null,AVAILABLE}
2023-12-11 10:51:26.247  INFO 12065 --- [main] o.e.jetty.server.AbstractConnector       : Started ServerConnector@30a7c98f{HTTP/1.1, (http/1.1)}{172.30.1.84:7777}
2023-12-11 10:51:26.247  INFO 12065 --- [main] org.eclipse.jetty.server.Server          : Started @6537ms
2023-12-11 10:51:26.258  INFO 12065 --- [main] o.a.c.impl.engine.AbstractCamelContext   : Routes startup (started:1)
2023-12-11 10:51:26.259  INFO 12065 --- [main] o.a.c.impl.engine.AbstractCamelContext   :     Started dsp-if (jetty:http://172.30.1.84:7777/file)
2023-12-11 10:51:26.259  INFO 12065 --- [main] o.a.c.impl.engine.AbstractCamelContext   : Apache Camel 3.20.0 (camel-1) started in 310ms (build:44ms init:157ms start:109ms)
2023-12-11 10:51:26.262  INFO 12065 --- [main] go.kr.dsp.api.DspApiApplication          : Started DspApiApplication in 5.552 seconds (JVM running for 6.552)
2023-12-11 14:59:50.486  INFO 12065 --- [SpringApplicationShutdownHook] o.a.c.impl.engine.AbstractCamelContext   : Apache Camel 3.20.0 (camel-1) is shutting down (timeout:45s)
2023-12-11 14:59:50.505  INFO 12065 --- [Camel (camel-1) thread #1 - ShutdownTask] o.e.jetty.server.AbstractConnector       : Stopped ServerConnector@30a7c98f{HTTP/1.1, (http/1.1)}{172.30.1.84:7777}
2023-12-11 14:59:50.507  INFO 12065 --- [Camel (camel-1) thread #1 - ShutdownTask] o.e.jetty.server.handler.ContextHandler  : Stopped o.e.j.s.ServletContextHandler@186cb891{/,null,STOPPED}
2023-12-11 14:59:50.511  INFO 12065 --- [SpringApplicationShutdownHook] o.a.c.impl.engine.AbstractCamelContext   : Routes stopped (stopped:1)
2023-12-11 14:59:50.512  INFO 12065 --- [SpringApplicationShutdownHook] o.a.c.impl.engine.AbstractCamelContext   :     Stopped dsp-if (jetty:http://172.30.1.84:7777/file)
2023-12-11 14:59:50.515  INFO 12065 --- [SpringApplicationShutdownHook] o.a.c.impl.engine.AbstractCamelContext   : Apache Camel 3.20.0 (camel-1) shutdown in 28ms (uptime:4h8m)
2023-12-11 14:59:50.526  INFO 12065 --- [SpringApplicationShutdownHook] o.a.c.c.s.CamelHttpTransportServlet      : Destroyed CamelHttpTransportServlet[CamelServlet]
2023-12-11 15:00:39.124  INFO 12328 --- [main] go.kr.dsp.api.DspApiApplication          : Starting DspApiApplication using Java 11.0.21 on localhost.localdomain with PID 12328 (/home/dsp_if/agent-1.0.0.jar started by root in /home/dsp_if)
2023-12-11 15:00:39.137  INFO 12328 --- [main] go.kr.dsp.api.DspApiApplication          : The following 1 profile is active: "if"
2023-12-11 15:00:41.727  INFO 12328 --- [main] o.s.b.w.embedded.tomcat.TomcatWebServer  : Tomcat initialized with port(s): 8787 (http)
2023-12-11 15:00:41.739  INFO 12328 --- [main] o.apache.catalina.core.StandardService   : Starting service [Tomcat]
2023-12-11 15:00:41.740  INFO 12328 --- [main] org.apache.catalina.core.StandardEngine  : Starting Servlet engine: [Apache Tomcat/9.0.70]
2023-12-11 15:00:41.800  INFO 12328 --- [main] o.a.c.c.C.[Tomcat].[localhost].[/]       : Initializing Spring embedded WebApplicationContext
2023-12-11 15:00:41.800  INFO 12328 --- [main] w.s.c.ServletWebServerApplicationContext : Root WebApplicationContext: initialization completed in 2585 ms
2023-12-11 15:00:43.065  INFO 12328 --- [main] o.s.b.a.e.web.EndpointLinksResolver      : Exposing 1 endpoint(s) beneath base path '/actuator'
2023-12-11 15:00:43.111  INFO 12328 --- [main] o.a.c.c.s.CamelHttpTransportServlet      : Initialized CamelHttpTransportServlet[name=CamelServlet, contextPath=]
2023-12-11 15:00:43.113  INFO 12328 --- [main] o.s.b.w.embedded.tomcat.TomcatWebServer  : Tomcat started on port(s): 8787 (http) with context path ''
2023-12-11 15:00:43.417  INFO 12328 --- [main] o.a.c.impl.engine.AbstractCamelContext   : Apache Camel 3.20.0 (camel-1) is starting
2023-12-11 15:00:43.452  INFO 12328 --- [main] org.eclipse.jetty.util.log               : Logging initialized @6087ms to org.eclipse.jetty.util.log.Slf4jLog
2023-12-11 15:00:43.494  INFO 12328 --- [main] org.eclipse.jetty.server.Server          : jetty-9.4.50.v20221201; built: 2022-12-01T22:07:03.915Z; git: da9a0b30691a45daf90a9f17b5defa2f1434f882; jvm 11.0.21+9-LTS
2023-12-11 15:00:43.516  INFO 12328 --- [main] o.e.jetty.server.handler.ContextHandler  : Started o.e.j.s.ServletContextHandler@186cb891{/,null,AVAILABLE}
2023-12-11 15:00:43.523  INFO 12328 --- [main] o.e.jetty.server.AbstractConnector       : Started ServerConnector@30a7c98f{HTTP/1.1, (http/1.1)}{172.30.1.84:7777}
2023-12-11 15:00:43.523  INFO 12328 --- [main] org.eclipse.jetty.server.Server          : Started @6158ms
2023-12-11 15:00:43.529  INFO 12328 --- [main] o.a.c.impl.engine.AbstractCamelContext   : Routes startup (started:1)
2023-12-11 15:00:43.530  INFO 12328 --- [main] o.a.c.impl.engine.AbstractCamelContext   :     Started dsp-if (jetty:http://172.30.1.84:7777/file)
2023-12-11 15:00:43.530  INFO 12328 --- [main] o.a.c.impl.engine.AbstractCamelContext   : Apache Camel 3.20.0 (camel-1) started in 355ms (build:45ms init:198ms start:112ms)
2023-12-11 15:00:43.533  INFO 12328 --- [main] go.kr.dsp.api.DspApiApplication          : Started DspApiApplication in 5.406 seconds (JVM running for 6.168)
2023-12-11 15:16:02.102  INFO 12328 --- [qtp1604020967-39] if-template.yaml:15                      : {Accept-Encoding=gzip,deflate, agentName=if, CamelHttpMethod=POST, CamelHttpPath=, CamelHttpQuery=null, CamelHttpServletRequest=Request(POST //172.30.1.84:7777/file)@3fa5e143, CamelHttpServletResponse=HTTP/1.1 200 

, CamelHttpUri=/file, CamelHttpUrl=http://172.30.1.84:7777/file, CamelServletContextPath=/file, Connection=keep-alive, Content-Length=52, fileExtension=sh, fileName=I0000001-S00001-1-if-ls.sh, Host=172.30.1.84:7777, serverNum=1, serviceName=S00001, User-Agent=Apache-HttpClient/4.5.13 (Java/11.0.20)}
2023-12-11 15:16:02.156  INFO 12328 --- [qtp1604020967-39] g.kr.dsp.api.processor.LogFileProcessor  : Test...
합계 77876
drwxr-xr-x. 6 root root       79 12월 11 15:00 .
drwxr-xr-x. 4 root root       38 11월 21 09:16 ..
-rw-r--r--. 1 root root 79743495 12월 11 15:00 agent-1.0.0.jar
drwxr-xr-x. 2 root root       55 12월  8 17:14 file
drwxr-xr-x. 2 root root       80 12월 11 10:50 logs
drwxr-xr-x. 2 root root       40 12월  8 16:59 script
drwxr-xr-x. 4 root root       40 12월 11 15:00 yaml
Done

2023-12-11 15:19:16.030  INFO 12328 --- [qtp1604020967-34] if-template.yaml:15                      : {Accept-Encoding=gzip,deflate, agentName=if, CamelHttpMethod=POST, CamelHttpPath=, CamelHttpQuery=null, CamelHttpServletRequest=Request(POST //172.30.1.84:7777/file)@55bb76b6, CamelHttpServletResponse=HTTP/1.1 200 

, CamelHttpUri=/file, CamelHttpUrl=http://172.30.1.84:7777/file, CamelServletContextPath=/file, Connection=keep-alive, Content-Length=52, fileExtension=sh, fileName=I0000001-S00001-1-if-ls.sh, Host=172.30.1.84:7777, serverNum=1, serviceName=S00001, User-Agent=Apache-HttpClient/4.5.13 (Java/11.0.20)}
2023-12-11 15:19:16.041  INFO 12328 --- [qtp1604020967-34] g.kr.dsp.api.processor.LogFileProcessor  : Test...
합계 77876
drwxr-xr-x. 6 root root       79 12월 11 15:00 .
drwxr-xr-x. 4 root root       38 11월 21 09:16 ..
-rw-r--r--. 1 root root 79743495 12월 11 15:00 agent-1.0.0.jar
drwxr-xr-x. 2 root root       55 12월  8 17:14 file
drwxr-xr-x. 2 root root       80 12월 11 10:50 logs
drwxr-xr-x. 2 root root       40 12월  8 16:59 script
drwxr-xr-x. 4 root root       40 12월 11 15:00 yaml
Done

2023-12-11 15:21:49.815  INFO 12328 --- [qtp1604020967-37] if-template.yaml:15                      : {Accept-Encoding=gzip,deflate, agentName=if, CamelHttpMethod=POST, CamelHttpPath=, CamelHttpQuery=null, CamelHttpServletRequest=Request(POST //172.30.1.84:7777/file)@66e18c22, CamelHttpServletResponse=HTTP/1.1 200 

, CamelHttpUri=/file, CamelHttpUrl=http://172.30.1.84:7777/file, CamelServletContextPath=/file, Connection=keep-alive, Content-Length=52, fileExtension=sh, fileName=I0000001-S00001-1-if-ls.sh, Host=172.30.1.84:7777, serverNum=1, serviceName=S00001, User-Agent=Apache-HttpClient/4.5.13 (Java/11.0.20)}
2023-12-11 15:21:49.825  INFO 12328 --- [qtp1604020967-37] g.kr.dsp.api.processor.LogFileProcessor  : Test...
합계 77876
drwxr-xr-x. 6 root root       79 12월 11 15:00 .
drwxr-xr-x. 4 root root       38 11월 21 09:16 ..
-rw-r--r--. 1 root root 79743495 12월 11 15:00 agent-1.0.0.jar
drwxr-xr-x. 2 root root       55 12월  8 17:14 file
drwxr-xr-x. 2 root root       80 12월 11 10:50 logs
drwxr-xr-x. 2 root root       40 12월  8 16:59 script
drwxr-xr-x. 4 root root       40 12월 11 15:00 yaml
Done

2023-12-11 15:22:45.605  INFO 12328 --- [SpringApplicationShutdownHook] o.a.c.impl.engine.AbstractCamelContext   : Apache Camel 3.20.0 (camel-1) is shutting down (timeout:45s)
2023-12-11 15:22:45.641  INFO 12328 --- [Camel (camel-1) thread #1 - ShutdownTask] o.e.jetty.server.AbstractConnector       : Stopped ServerConnector@30a7c98f{HTTP/1.1, (http/1.1)}{172.30.1.84:7777}
2023-12-11 15:22:45.643  INFO 12328 --- [Camel (camel-1) thread #1 - ShutdownTask] o.e.jetty.server.handler.ContextHandler  : Stopped o.e.j.s.ServletContextHandler@186cb891{/,null,STOPPED}
2023-12-11 15:22:45.653  INFO 12328 --- [SpringApplicationShutdownHook] o.a.c.impl.engine.AbstractCamelContext   : Routes stopped (stopped:1)
2023-12-11 15:22:45.653  INFO 12328 --- [SpringApplicationShutdownHook] o.a.c.impl.engine.AbstractCamelContext   :     Stopped dsp-if (jetty:http://172.30.1.84:7777/file)
2023-12-11 15:22:45.655  INFO 12328 --- [SpringApplicationShutdownHook] o.a.c.impl.engine.AbstractCamelContext   : Apache Camel 3.20.0 (camel-1) shutdown in 50ms (uptime:22m2s)
2023-12-11 15:22:45.661  INFO 12328 --- [SpringApplicationShutdownHook] o.a.c.c.s.CamelHttpTransportServlet      : Destroyed CamelHttpTransportServlet[CamelServlet]
2023-12-11 15:23:05.994  INFO 12497 --- [main] go.kr.dsp.api.DspApiApplication          : Starting DspApiApplication using Java 11.0.21 on localhost.localdomain with PID 12497 (/home/dsp_if/agent-1.0.0.jar started by root in /home/dsp_if)
2023-12-11 15:23:05.996  INFO 12497 --- [main] go.kr.dsp.api.DspApiApplication          : The following 1 profile is active: "if"
2023-12-11 15:23:07.257  INFO 12497 --- [main] o.s.b.w.embedded.tomcat.TomcatWebServer  : Tomcat initialized with port(s): 8787 (http)
2023-12-11 15:23:07.266  INFO 12497 --- [main] o.apache.catalina.core.StandardService   : Starting service [Tomcat]
2023-12-11 15:23:07.266  INFO 12497 --- [main] org.apache.catalina.core.StandardEngine  : Starting Servlet engine: [Apache Tomcat/9.0.70]
2023-12-11 15:23:07.310  INFO 12497 --- [main] o.a.c.c.C.[Tomcat].[localhost].[/]       : Initializing Spring embedded WebApplicationContext
2023-12-11 15:23:07.311  INFO 12497 --- [main] w.s.c.ServletWebServerApplicationContext : Root WebApplicationContext: initialization completed in 1228 ms
2023-12-11 15:23:08.227  INFO 12497 --- [main] o.s.b.a.e.web.EndpointLinksResolver      : Exposing 1 endpoint(s) beneath base path '/actuator'
2023-12-11 15:23:08.275  INFO 12497 --- [main] o.a.c.c.s.CamelHttpTransportServlet      : Initialized CamelHttpTransportServlet[name=CamelServlet, contextPath=]
2023-12-11 15:23:08.277  INFO 12497 --- [main] o.s.b.w.embedded.tomcat.TomcatWebServer  : Tomcat started on port(s): 8787 (http) with context path ''
2023-12-11 15:23:08.542  INFO 12497 --- [main] o.a.c.impl.engine.AbstractCamelContext   : Apache Camel 3.20.0 (camel-1) is starting
2023-12-11 15:23:08.569  INFO 12497 --- [main] org.eclipse.jetty.util.log               : Logging initialized @3427ms to org.eclipse.jetty.util.log.Slf4jLog
2023-12-11 15:23:08.605  INFO 12497 --- [main] org.eclipse.jetty.server.Server          : jetty-9.4.50.v20221201; built: 2022-12-01T22:07:03.915Z; git: da9a0b30691a45daf90a9f17b5defa2f1434f882; jvm 11.0.21+9-LTS
2023-12-11 15:23:08.637  INFO 12497 --- [main] o.e.jetty.server.handler.ContextHandler  : Started o.e.j.s.ServletContextHandler@15f8701f{/,null,AVAILABLE}
2023-12-11 15:23:08.645  INFO 12497 --- [main] o.e.jetty.server.AbstractConnector       : Started ServerConnector@72d0f2b4{HTTP/1.1, (http/1.1)}{172.30.1.84:7777}
2023-12-11 15:23:08.645  INFO 12497 --- [main] org.eclipse.jetty.server.Server          : Started @3503ms
2023-12-11 15:23:08.653  INFO 12497 --- [main] o.a.c.impl.engine.AbstractCamelContext   : Routes startup (started:1)
2023-12-11 15:23:08.653  INFO 12497 --- [main] o.a.c.impl.engine.AbstractCamelContext   :     Started dsp-if (jetty:http://172.30.1.84:7777/file)
2023-12-11 15:23:08.654  INFO 12497 --- [main] o.a.c.impl.engine.AbstractCamelContext   : Apache Camel 3.20.0 (camel-1) started in 321ms (build:50ms init:160ms start:111ms)
2023-12-11 15:23:08.657  INFO 12497 --- [main] go.kr.dsp.api.DspApiApplication          : Started DspApiApplication in 3.093 seconds (JVM running for 3.515)
2023-12-11 15:23:29.700  INFO 12497 --- [qtp1950117092-36] if-template.yaml:15                      : {Accept-Encoding=gzip,deflate, agentName=if, CamelHttpMethod=POST, CamelHttpPath=, CamelHttpQuery=null, CamelHttpServletRequest=Request(POST //172.30.1.84:7777/file)@2e16beab, CamelHttpServletResponse=HTTP/1.1 200 

, CamelHttpUri=/file, CamelHttpUrl=http://172.30.1.84:7777/file, CamelServletContextPath=/file, Connection=keep-alive, Content-Length=52, fileExtension=sh, fileName=I0000001-S00001-1-if-ls.sh, Host=172.30.1.84:7777, serverNum=1, serviceName=S00001, User-Agent=Apache-HttpClient/4.5.13 (Java/11.0.20)}
2023-12-11 15:23:29.751  INFO 12497 --- [qtp1950117092-36] g.kr.dsp.api.processor.LogFileProcessor  : Test...
합계 77876
drwxr-xr-x. 6 root root       79 12월 11 15:23 .
drwxr-xr-x. 4 root root       38 11월 21 09:16 ..
-rw-r--r--. 1 root root 79743495 12월 11 15:23 agent-1.0.0.jar
drwxr-xr-x. 2 root root       55 12월  8 17:14 file
drwxr-xr-x. 2 root root       80 12월 11 10:50 logs
drwxr-xr-x. 2 root root       40 12월  8 16:59 script
drwxr-xr-x. 4 root root       40 12월 11 15:22 yaml
Done

2023-12-11 15:25:41.577  INFO 12497 --- [qtp1950117092-34] if-template.yaml:15                      : {Accept-Encoding=gzip,deflate, agentName=if, CamelHttpMethod=POST, CamelHttpPath=, CamelHttpQuery=null, CamelHttpServletRequest=Request(POST //172.30.1.84:7777/file)@1de0b04c, CamelHttpServletResponse=HTTP/1.1 200 

, CamelHttpUri=/file, CamelHttpUrl=http://172.30.1.84:7777/file, CamelServletContextPath=/file, Connection=keep-alive, Content-Length=52, fileExtension=sh, fileName=I0000001-S00001-1-if-ls.sh, Host=172.30.1.84:7777, serverNum=1, serviceName=S00001, User-Agent=Apache-HttpClient/4.5.13 (Java/11.0.20)}
2023-12-11 15:25:41.592  INFO 12497 --- [qtp1950117092-34] g.kr.dsp.api.processor.LogFileProcessor  : Test...
합계 77876
drwxr-xr-x. 6 root root       79 12월 11 15:23 .
drwxr-xr-x. 4 root root       38 11월 21 09:16 ..
-rw-r--r--. 1 root root 79743495 12월 11 15:23 agent-1.0.0.jar
drwxr-xr-x. 2 root root       55 12월  8 17:14 file
drwxr-xr-x. 2 root root       80 12월 11 10:50 logs
drwxr-xr-x. 2 root root       40 12월  8 16:59 script
drwxr-xr-x. 4 root root       40 12월 11 15:22 yaml
Done

2023-12-11 15:36:17.565  INFO 12497 --- [SpringApplicationShutdownHook] o.a.c.impl.engine.AbstractCamelContext   : Apache Camel 3.20.0 (camel-1) is shutting down (timeout:45s)
2023-12-11 15:36:17.582  INFO 12497 --- [Camel (camel-1) thread #1 - ShutdownTask] o.e.jetty.server.AbstractConnector       : Stopped ServerConnector@72d0f2b4{HTTP/1.1, (http/1.1)}{172.30.1.84:7777}
2023-12-11 15:36:17.585  INFO 12497 --- [Camel (camel-1) thread #1 - ShutdownTask] o.e.jetty.server.handler.ContextHandler  : Stopped o.e.j.s.ServletContextHandler@15f8701f{/,null,STOPPED}
2023-12-11 15:36:17.594  INFO 12497 --- [SpringApplicationShutdownHook] o.a.c.impl.engine.AbstractCamelContext   : Routes stopped (stopped:1)
2023-12-11 15:36:17.594  INFO 12497 --- [SpringApplicationShutdownHook] o.a.c.impl.engine.AbstractCamelContext   :     Stopped dsp-if (jetty:http://172.30.1.84:7777/file)
2023-12-11 15:36:17.596  INFO 12497 --- [SpringApplicationShutdownHook] o.a.c.impl.engine.AbstractCamelContext   : Apache Camel 3.20.0 (camel-1) shutdown in 31ms (uptime:13m9s)
2023-12-11 15:36:17.604  INFO 12497 --- [SpringApplicationShutdownHook] o.a.c.c.s.CamelHttpTransportServlet      : Destroyed CamelHttpTransportServlet[CamelServlet]
2023-12-11 15:48:28.468  INFO 12695 --- [main] go.kr.dsp.api.DspApiApplication          : Starting DspApiApplication using Java 11.0.21 on localhost.localdomain with PID 12695 (/home/dsp_if/agent-1.0.0.jar started by root in /home/dsp_if)
2023-12-11 15:48:28.470  INFO 12695 --- [main] go.kr.dsp.api.DspApiApplication          : The following 1 profile is active: "if"
2023-12-11 15:48:30.921  INFO 12695 --- [main] o.s.b.w.embedded.tomcat.TomcatWebServer  : Tomcat initialized with port(s): 8787 (http)
2023-12-11 15:48:30.955  INFO 12695 --- [main] o.apache.catalina.core.StandardService   : Starting service [Tomcat]
2023-12-11 15:48:30.955  INFO 12695 --- [main] org.apache.catalina.core.StandardEngine  : Starting Servlet engine: [Apache Tomcat/9.0.70]
2023-12-11 15:48:31.093  INFO 12695 --- [main] o.a.c.c.C.[Tomcat].[localhost].[/]       : Initializing Spring embedded WebApplicationContext
2023-12-11 15:48:31.094  INFO 12695 --- [main] w.s.c.ServletWebServerApplicationContext : Root WebApplicationContext: initialization completed in 2534 ms
2023-12-11 15:48:32.350  INFO 12695 --- [main] o.s.b.a.e.web.EndpointLinksResolver      : Exposing 1 endpoint(s) beneath base path '/actuator'
2023-12-11 15:48:32.398  INFO 12695 --- [main] o.a.c.c.s.CamelHttpTransportServlet      : Initialized CamelHttpTransportServlet[name=CamelServlet, contextPath=]
2023-12-11 15:48:32.399  INFO 12695 --- [main] o.s.b.w.embedded.tomcat.TomcatWebServer  : Tomcat started on port(s): 8787 (http) with context path ''
2023-12-11 15:48:32.651  INFO 12695 --- [main] o.a.c.impl.engine.AbstractCamelContext   : Apache Camel 3.20.0 (camel-1) is starting
2023-12-11 15:48:32.694  INFO 12695 --- [main] org.eclipse.jetty.util.log               : Logging initialized @5787ms to org.eclipse.jetty.util.log.Slf4jLog
2023-12-11 15:48:32.730  INFO 12695 --- [main] org.eclipse.jetty.server.Server          : jetty-9.4.50.v20221201; built: 2022-12-01T22:07:03.915Z; git: da9a0b30691a45daf90a9f17b5defa2f1434f882; jvm 11.0.21+9-LTS
2023-12-11 15:48:32.752  INFO 12695 --- [main] o.e.jetty.server.handler.ContextHandler  : Started o.e.j.s.ServletContextHandler@3ec2ecea{/,null,AVAILABLE}
2023-12-11 15:48:32.758  INFO 12695 --- [main] o.e.jetty.server.AbstractConnector       : Started ServerConnector@36361ddb{HTTP/1.1, (http/1.1)}{172.30.1.84:7777}
2023-12-11 15:48:32.758  INFO 12695 --- [main] org.eclipse.jetty.server.Server          : Started @5851ms
2023-12-11 15:48:32.764  INFO 12695 --- [main] o.a.c.impl.engine.AbstractCamelContext   : Routes startup (started:1)
2023-12-11 15:48:32.764  INFO 12695 --- [main] o.a.c.impl.engine.AbstractCamelContext   :     Started dsp-if (jetty:http://172.30.1.84:7777/file)
2023-12-11 15:48:32.764  INFO 12695 --- [main] o.a.c.impl.engine.AbstractCamelContext   : Apache Camel 3.20.0 (camel-1) started in 310ms (build:46ms init:152ms start:112ms)
2023-12-11 15:48:32.767  INFO 12695 --- [main] go.kr.dsp.api.DspApiApplication          : Started DspApiApplication in 4.95 seconds (JVM running for 5.861)
2023-12-11 15:50:21.406  INFO 12695 --- [SpringApplicationShutdownHook] o.a.c.impl.engine.AbstractCamelContext   : Apache Camel 3.20.0 (camel-1) is shutting down (timeout:45s)
2023-12-11 15:50:21.421  INFO 12695 --- [Camel (camel-1) thread #1 - ShutdownTask] o.e.jetty.server.AbstractConnector       : Stopped ServerConnector@36361ddb{HTTP/1.1, (http/1.1)}{172.30.1.84:7777}
2023-12-11 15:50:21.424  INFO 12695 --- [Camel (camel-1) thread #1 - ShutdownTask] o.e.jetty.server.handler.ContextHandler  : Stopped o.e.j.s.ServletContextHandler@3ec2ecea{/,null,STOPPED}
2023-12-11 15:50:21.440  INFO 12695 --- [SpringApplicationShutdownHook] o.a.c.impl.engine.AbstractCamelContext   : Routes stopped (stopped:1)
2023-12-11 15:50:21.441  INFO 12695 --- [SpringApplicationShutdownHook] o.a.c.impl.engine.AbstractCamelContext   :     Stopped dsp-if (jetty:http://172.30.1.84:7777/file)
2023-12-11 15:50:21.446  INFO 12695 --- [SpringApplicationShutdownHook] o.a.c.impl.engine.AbstractCamelContext   : Apache Camel 3.20.0 (camel-1) shutdown in 40ms (uptime:1m48s)
2023-12-11 15:50:21.452  INFO 12695 --- [SpringApplicationShutdownHook] o.a.c.c.s.CamelHttpTransportServlet      : Destroyed CamelHttpTransportServlet[CamelServlet]
2023-12-11 15:50:42.493  INFO 12845 --- [main] go.kr.dsp.api.DspApiApplication          : Starting DspApiApplication using Java 11.0.21 on localhost.localdomain with PID 12845 (/home/dsp_if/agent-1.0.0.jar started by root in /home/dsp_if)
2023-12-11 15:50:42.494  INFO 12845 --- [main] go.kr.dsp.api.DspApiApplication          : The following 1 profile is active: "if"
2023-12-11 15:50:44.351  INFO 12845 --- [main] o.s.b.w.embedded.tomcat.TomcatWebServer  : Tomcat initialized with port(s): 8787 (http)
2023-12-11 15:50:44.371  INFO 12845 --- [main] o.apache.catalina.core.StandardService   : Starting service [Tomcat]
2023-12-11 15:50:44.371  INFO 12845 --- [main] org.apache.catalina.core.StandardEngine  : Starting Servlet engine: [Apache Tomcat/9.0.70]
2023-12-11 15:50:44.487  INFO 12845 --- [main] o.a.c.c.C.[Tomcat].[localhost].[/]       : Initializing Spring embedded WebApplicationContext
2023-12-11 15:50:44.500  INFO 12845 --- [main] w.s.c.ServletWebServerApplicationContext : Root WebApplicationContext: initialization completed in 1975 ms
2023-12-11 15:50:46.601  INFO 12845 --- [main] o.s.b.a.e.web.EndpointLinksResolver      : Exposing 1 endpoint(s) beneath base path '/actuator'
2023-12-11 15:50:46.652  INFO 12845 --- [main] o.a.c.c.s.CamelHttpTransportServlet      : Initialized CamelHttpTransportServlet[name=CamelServlet, contextPath=]
2023-12-11 15:50:46.654  INFO 12845 --- [main] o.s.b.w.embedded.tomcat.TomcatWebServer  : Tomcat started on port(s): 8787 (http) with context path ''
2023-12-11 15:50:47.104  INFO 12845 --- [main] o.a.c.impl.engine.AbstractCamelContext   : Apache Camel 3.20.0 (camel-1) is starting
2023-12-11 15:50:47.192  INFO 12845 --- [main] org.eclipse.jetty.util.log               : Logging initialized @5448ms to org.eclipse.jetty.util.log.Slf4jLog
2023-12-11 15:50:47.271  INFO 12845 --- [main] org.eclipse.jetty.server.Server          : jetty-9.4.50.v20221201; built: 2022-12-01T22:07:03.915Z; git: da9a0b30691a45daf90a9f17b5defa2f1434f882; jvm 11.0.21+9-LTS
2023-12-11 15:50:47.500  INFO 12845 --- [main] o.e.jetty.server.handler.ContextHandler  : Started o.e.j.s.ServletContextHandler@7fc7c4a{/,null,AVAILABLE}
2023-12-11 15:50:47.523  INFO 12845 --- [main] o.e.jetty.server.AbstractConnector       : Started ServerConnector@4d6ee47{HTTP/1.1, (http/1.1)}{172.30.1.84:7777}
2023-12-11 15:50:47.524  INFO 12845 --- [main] org.eclipse.jetty.server.Server          : Started @5779ms
2023-12-11 15:50:47.531  INFO 12845 --- [main] o.a.c.impl.engine.AbstractCamelContext   : Routes startup (started:1)
2023-12-11 15:50:47.531  INFO 12845 --- [main] o.a.c.impl.engine.AbstractCamelContext   :     Started dsp-if (jetty:http://172.30.1.84:7777/file)
2023-12-11 15:50:47.531  INFO 12845 --- [main] o.a.c.impl.engine.AbstractCamelContext   : Apache Camel 3.20.0 (camel-1) started in 861ms (build:94ms init:341ms start:426ms)
2023-12-11 15:50:47.534  INFO 12845 --- [main] go.kr.dsp.api.DspApiApplication          : Started DspApiApplication in 5.435 seconds (JVM running for 5.79)
2023-12-11 15:55:57.178  INFO 12845 --- [SpringApplicationShutdownHook] o.a.c.impl.engine.AbstractCamelContext   : Apache Camel 3.20.0 (camel-1) is shutting down (timeout:45s)
2023-12-11 15:55:57.195  INFO 12845 --- [Camel (camel-1) thread #1 - ShutdownTask] o.e.jetty.server.AbstractConnector       : Stopped ServerConnector@4d6ee47{HTTP/1.1, (http/1.1)}{172.30.1.84:7777}
2023-12-11 15:55:57.196  INFO 12845 --- [Camel (camel-1) thread #1 - ShutdownTask] o.e.jetty.server.handler.ContextHandler  : Stopped o.e.j.s.ServletContextHandler@7fc7c4a{/,null,STOPPED}
2023-12-11 15:55:57.200  INFO 12845 --- [SpringApplicationShutdownHook] o.a.c.impl.engine.AbstractCamelContext   : Routes stopped (stopped:1)
2023-12-11 15:55:57.201  INFO 12845 --- [SpringApplicationShutdownHook] o.a.c.impl.engine.AbstractCamelContext   :     Stopped dsp-if (jetty:http://172.30.1.84:7777/file)
2023-12-11 15:55:57.203  INFO 12845 --- [SpringApplicationShutdownHook] o.a.c.impl.engine.AbstractCamelContext   : Apache Camel 3.20.0 (camel-1) shutdown in 25ms (uptime:5m10s)
2023-12-11 15:55:57.211  INFO 12845 --- [SpringApplicationShutdownHook] o.a.c.c.s.CamelHttpTransportServlet      : Destroyed CamelHttpTransportServlet[CamelServlet]
2023-12-11 15:56:19.947  INFO 13013 --- [main] go.kr.dsp.api.DspApiApplication          : Starting DspApiApplication using Java 11.0.21 on localhost.localdomain with PID 13013 (/home/dsp_if/agent-1.0.0.jar started by root in /home/dsp_if)
2023-12-11 15:56:19.954  INFO 13013 --- [main] go.kr.dsp.api.DspApiApplication          : The following 1 profile is active: "if"
2023-12-11 15:56:21.700  INFO 13013 --- [main] o.s.b.w.embedded.tomcat.TomcatWebServer  : Tomcat initialized with port(s): 8787 (http)
2023-12-11 15:56:21.714  INFO 13013 --- [main] o.apache.catalina.core.StandardService   : Starting service [Tomcat]
2023-12-11 15:56:21.714  INFO 13013 --- [main] org.apache.catalina.core.StandardEngine  : Starting Servlet engine: [Apache Tomcat/9.0.70]
2023-12-11 15:56:21.770  INFO 13013 --- [main] o.a.c.c.C.[Tomcat].[localhost].[/]       : Initializing Spring embedded WebApplicationContext
2023-12-11 15:56:21.770  INFO 13013 --- [main] w.s.c.ServletWebServerApplicationContext : Root WebApplicationContext: initialization completed in 1752 ms
2023-12-11 15:56:23.543  INFO 13013 --- [main] o.s.b.a.e.web.EndpointLinksResolver      : Exposing 1 endpoint(s) beneath base path '/actuator'
2023-12-11 15:56:23.611  INFO 13013 --- [main] o.a.c.c.s.CamelHttpTransportServlet      : Initialized CamelHttpTransportServlet[name=CamelServlet, contextPath=]
2023-12-11 15:56:23.612  INFO 13013 --- [main] o.s.b.w.embedded.tomcat.TomcatWebServer  : Tomcat started on port(s): 8787 (http) with context path ''
2023-12-11 15:56:24.150  INFO 13013 --- [main] o.a.c.impl.engine.AbstractCamelContext   : Apache Camel 3.20.0 (camel-1) is starting
2023-12-11 15:56:24.236  INFO 13013 --- [main] org.eclipse.jetty.util.log               : Logging initialized @5049ms to org.eclipse.jetty.util.log.Slf4jLog
2023-12-11 15:56:24.314  INFO 13013 --- [main] org.eclipse.jetty.server.Server          : jetty-9.4.50.v20221201; built: 2022-12-01T22:07:03.915Z; git: da9a0b30691a45daf90a9f17b5defa2f1434f882; jvm 11.0.21+9-LTS
2023-12-11 15:56:24.426  INFO 13013 --- [main] o.e.jetty.server.handler.ContextHandler  : Started o.e.j.s.ServletContextHandler@11d4dbd6{/,null,AVAILABLE}
2023-12-11 15:56:24.453  INFO 13013 --- [main] o.e.jetty.server.AbstractConnector       : Started ServerConnector@1da4b6b3{HTTP/1.1, (http/1.1)}{172.30.1.84:7777}
2023-12-11 15:56:24.454  INFO 13013 --- [main] org.eclipse.jetty.server.Server          : Started @5267ms
2023-12-11 15:56:24.486  INFO 13013 --- [main] o.a.c.impl.engine.AbstractCamelContext   : Routes startup (started:1)
2023-12-11 15:56:24.486  INFO 13013 --- [main] o.a.c.impl.engine.AbstractCamelContext   :     Started dsp-if (jetty:http://172.30.1.84:7777/file)
2023-12-11 15:56:24.486  INFO 13013 --- [main] o.a.c.impl.engine.AbstractCamelContext   : Apache Camel 3.20.0 (camel-1) started in 724ms (build:68ms init:321ms start:335ms)
2023-12-11 15:56:24.490  INFO 13013 --- [main] go.kr.dsp.api.DspApiApplication          : Started DspApiApplication in 4.979 seconds (JVM running for 5.303)
2023-12-11 16:06:05.724  INFO 13013 --- [SpringApplicationShutdownHook] o.a.c.impl.engine.AbstractCamelContext   : Apache Camel 3.20.0 (camel-1) is shutting down (timeout:45s)
2023-12-11 16:06:05.745  INFO 13013 --- [Camel (camel-1) thread #1 - ShutdownTask] o.e.jetty.server.AbstractConnector       : Stopped ServerConnector@1da4b6b3{HTTP/1.1, (http/1.1)}{172.30.1.84:7777}
2023-12-11 16:06:05.747  INFO 13013 --- [Camel (camel-1) thread #1 - ShutdownTask] o.e.jetty.server.handler.ContextHandler  : Stopped o.e.j.s.ServletContextHandler@11d4dbd6{/,null,STOPPED}
2023-12-11 16:06:05.752  INFO 13013 --- [SpringApplicationShutdownHook] o.a.c.impl.engine.AbstractCamelContext   : Routes stopped (stopped:1)
2023-12-11 16:06:05.752  INFO 13013 --- [SpringApplicationShutdownHook] o.a.c.impl.engine.AbstractCamelContext   :     Stopped dsp-if (jetty:http://172.30.1.84:7777/file)
2023-12-11 16:06:05.755  INFO 13013 --- [SpringApplicationShutdownHook] o.a.c.impl.engine.AbstractCamelContext   : Apache Camel 3.20.0 (camel-1) shutdown in 30ms (uptime:9m41s)
2023-12-11 16:06:05.762  INFO 13013 --- [SpringApplicationShutdownHook] o.a.c.c.s.CamelHttpTransportServlet      : Destroyed CamelHttpTransportServlet[CamelServlet]
2023-12-11 16:06:22.348  INFO 13236 --- [main] go.kr.dsp.api.DspApiApplication          : Starting DspApiApplication using Java 11.0.21 on localhost.localdomain with PID 13236 (/home/dsp_if/agent-1.0.0.jar started by root in /home/dsp_if)
2023-12-11 16:06:22.350  INFO 13236 --- [main] go.kr.dsp.api.DspApiApplication          : The following 1 profile is active: "if"
2023-12-11 16:06:25.221  INFO 13236 --- [main] o.s.b.w.embedded.tomcat.TomcatWebServer  : Tomcat initialized with port(s): 8787 (http)
2023-12-11 16:06:25.253  INFO 13236 --- [main] o.apache.catalina.core.StandardService   : Starting service [Tomcat]
2023-12-11 16:06:25.253  INFO 13236 --- [main] org.apache.catalina.core.StandardEngine  : Starting Servlet engine: [Apache Tomcat/9.0.70]
2023-12-11 16:06:25.373  INFO 13236 --- [main] o.a.c.c.C.[Tomcat].[localhost].[/]       : Initializing Spring embedded WebApplicationContext
2023-12-11 16:06:25.373  INFO 13236 --- [main] w.s.c.ServletWebServerApplicationContext : Root WebApplicationContext: initialization completed in 2877 ms
2023-12-11 16:06:26.771  INFO 13236 --- [main] o.s.b.a.e.web.EndpointLinksResolver      : Exposing 1 endpoint(s) beneath base path '/actuator'
2023-12-11 16:06:26.819  INFO 13236 --- [main] o.a.c.c.s.CamelHttpTransportServlet      : Initialized CamelHttpTransportServlet[name=CamelServlet, contextPath=]
2023-12-11 16:06:26.820  INFO 13236 --- [main] o.s.b.w.embedded.tomcat.TomcatWebServer  : Tomcat started on port(s): 8787 (http) with context path ''
2023-12-11 16:06:27.084  INFO 13236 --- [main] o.a.c.impl.engine.AbstractCamelContext   : Apache Camel 3.20.0 (camel-1) is starting
2023-12-11 16:06:27.116  INFO 13236 --- [main] org.eclipse.jetty.util.log               : Logging initialized @6410ms to org.eclipse.jetty.util.log.Slf4jLog
2023-12-11 16:06:27.152  INFO 13236 --- [main] org.eclipse.jetty.server.Server          : jetty-9.4.50.v20221201; built: 2022-12-01T22:07:03.915Z; git: da9a0b30691a45daf90a9f17b5defa2f1434f882; jvm 11.0.21+9-LTS
2023-12-11 16:06:27.171  INFO 13236 --- [main] o.e.jetty.server.handler.ContextHandler  : Started o.e.j.s.ServletContextHandler@440eaa07{/,null,AVAILABLE}
2023-12-11 16:06:27.178  INFO 13236 --- [main] o.e.jetty.server.AbstractConnector       : Started ServerConnector@41fed14f{HTTP/1.1, (http/1.1)}{172.30.1.84:7777}
2023-12-11 16:06:27.178  INFO 13236 --- [main] org.eclipse.jetty.server.Server          : Started @6476ms
2023-12-11 16:06:27.185  INFO 13236 --- [main] o.a.c.impl.engine.AbstractCamelContext   : Routes startup (started:1)
2023-12-11 16:06:27.186  INFO 13236 --- [main] o.a.c.impl.engine.AbstractCamelContext   :     Started dsp-if (jetty:http://172.30.1.84:7777/file)
2023-12-11 16:06:27.186  INFO 13236 --- [main] o.a.c.impl.engine.AbstractCamelContext   : Apache Camel 3.20.0 (camel-1) started in 314ms (build:52ms init:161ms start:101ms)
2023-12-11 16:06:27.189  INFO 13236 --- [main] go.kr.dsp.api.DspApiApplication          : Started DspApiApplication in 5.854 seconds (JVM running for 6.487)
2023-12-11 16:09:21.015  INFO 13236 --- [SpringApplicationShutdownHook] o.a.c.impl.engine.AbstractCamelContext   : Apache Camel 3.20.0 (camel-1) is shutting down (timeout:45s)
2023-12-11 16:09:21.038  INFO 13236 --- [Camel (camel-1) thread #1 - ShutdownTask] o.e.jetty.server.AbstractConnector       : Stopped ServerConnector@41fed14f{HTTP/1.1, (http/1.1)}{172.30.1.84:7777}
2023-12-11 16:09:21.040  INFO 13236 --- [Camel (camel-1) thread #1 - ShutdownTask] o.e.jetty.server.handler.ContextHandler  : Stopped o.e.j.s.ServletContextHandler@440eaa07{/,null,STOPPED}
2023-12-11 16:09:21.046  INFO 13236 --- [SpringApplicationShutdownHook] o.a.c.impl.engine.AbstractCamelContext   : Routes stopped (stopped:1)
2023-12-11 16:09:21.046  INFO 13236 --- [SpringApplicationShutdownHook] o.a.c.impl.engine.AbstractCamelContext   :     Stopped dsp-if (jetty:http://172.30.1.84:7777/file)
2023-12-11 16:09:21.050  INFO 13236 --- [SpringApplicationShutdownHook] o.a.c.impl.engine.AbstractCamelContext   : Apache Camel 3.20.0 (camel-1) shutdown in 34ms (uptime:2m53s)
2023-12-11 16:09:21.057  INFO 13236 --- [SpringApplicationShutdownHook] o.a.c.c.s.CamelHttpTransportServlet      : Destroyed CamelHttpTransportServlet[CamelServlet]
2023-12-11 16:10:32.543  INFO 13385 --- [main] go.kr.dsp.api.DspApiApplication          : Starting DspApiApplication using Java 11.0.21 on localhost.localdomain with PID 13385 (/home/dsp_if/agent-1.0.0.jar started by root in /home/dsp_if)
2023-12-11 16:10:32.545  INFO 13385 --- [main] go.kr.dsp.api.DspApiApplication          : The following 1 profile is active: "if"
2023-12-11 16:10:35.303  INFO 13385 --- [main] o.s.b.w.embedded.tomcat.TomcatWebServer  : Tomcat initialized with port(s): 8787 (http)
2023-12-11 16:10:35.324  INFO 13385 --- [main] o.apache.catalina.core.StandardService   : Starting service [Tomcat]
2023-12-11 16:10:35.324  INFO 13385 --- [main] org.apache.catalina.core.StandardEngine  : Starting Servlet engine: [Apache Tomcat/9.0.70]
2023-12-11 16:10:35.376  INFO 13385 --- [main] o.a.c.c.C.[Tomcat].[localhost].[/]       : Initializing Spring embedded WebApplicationContext
2023-12-11 16:10:35.376  INFO 13385 --- [main] w.s.c.ServletWebServerApplicationContext : Root WebApplicationContext: initialization completed in 2768 ms
2023-12-11 16:10:36.301  INFO 13385 --- [main] o.s.b.a.e.web.EndpointLinksResolver      : Exposing 1 endpoint(s) beneath base path '/actuator'
2023-12-11 16:10:36.348  INFO 13385 --- [main] o.a.c.c.s.CamelHttpTransportServlet      : Initialized CamelHttpTransportServlet[name=CamelServlet, contextPath=]
2023-12-11 16:10:36.349  INFO 13385 --- [main] o.s.b.w.embedded.tomcat.TomcatWebServer  : Tomcat started on port(s): 8787 (http) with context path ''
2023-12-11 16:10:36.599  INFO 13385 --- [main] o.a.c.impl.engine.AbstractCamelContext   : Apache Camel 3.20.0 (camel-1) is starting
2023-12-11 16:10:36.627  INFO 13385 --- [main] org.eclipse.jetty.util.log               : Logging initialized @5584ms to org.eclipse.jetty.util.log.Slf4jLog
2023-12-11 16:10:36.677  INFO 13385 --- [main] org.eclipse.jetty.server.Server          : jetty-9.4.50.v20221201; built: 2022-12-01T22:07:03.915Z; git: da9a0b30691a45daf90a9f17b5defa2f1434f882; jvm 11.0.21+9-LTS
2023-12-11 16:10:36.725  INFO 13385 --- [main] o.e.jetty.server.handler.ContextHandler  : Started o.e.j.s.ServletContextHandler@53a5e217{/,null,AVAILABLE}
2023-12-11 16:10:36.731  INFO 13385 --- [main] o.e.jetty.server.AbstractConnector       : Started ServerConnector@c6da8bb{HTTP/1.1, (http/1.1)}{172.30.1.84:7777}
2023-12-11 16:10:36.731  INFO 13385 --- [main] org.eclipse.jetty.server.Server          : Started @5688ms
2023-12-11 16:10:36.738  INFO 13385 --- [main] o.a.c.impl.engine.AbstractCamelContext   : Routes startup (started:1)
2023-12-11 16:10:36.738  INFO 13385 --- [main] o.a.c.impl.engine.AbstractCamelContext   :     Started dsp-if (jetty:http://172.30.1.84:7777/file)
2023-12-11 16:10:36.738  INFO 13385 --- [main] o.a.c.impl.engine.AbstractCamelContext   : Apache Camel 3.20.0 (camel-1) started in 324ms (build:40ms init:146ms start:138ms)
2023-12-11 16:10:36.741  INFO 13385 --- [main] go.kr.dsp.api.DspApiApplication          : Started DspApiApplication in 5.077 seconds (JVM running for 5.698)
2023-12-11 16:11:09.575  INFO 13385 --- [qtp1810970264-36] if-template.yaml:15                      : {Accept-Encoding=gzip,deflate, agentName=if, CamelHttpMethod=POST, CamelHttpPath=, CamelHttpQuery=null, CamelHttpServletRequest=Request(POST //172.30.1.84:7777/file)@3e21bb43, CamelHttpServletResponse=HTTP/1.1 200 

, CamelHttpUri=/file, CamelHttpUrl=http://172.30.1.84:7777/file, CamelServletContextPath=/file, Connection=keep-alive, Content-Length=52, fileExtension=sh, fileName=I0000001-S00001-1-if-ls.sh, Host=172.30.1.84:7777, instName=I0000001, serverNum=1, serviceName=S00001, User-Agent=Apache-HttpClient/4.5.13 (Java/11.0.20)}
2023-12-11 16:11:09.642 ERROR 13385 --- [qtp1810970264-36] o.a.camel.component.exec.ExecProducer    : The command ExecCommand [args=[I0000001-S00001-1-if-ls.sh], executable=sh, timeout=9223372036854775807, exitValues=, outFile=null, workingDir=null, commandLogLevel=DEBUG, useStderrOnEmptyStdout=false] returned exit value 127
2023-12-11 16:11:09.642  INFO 13385 --- [qtp1810970264-36] g.kr.dsp.api.processor.LogFileProcessor  : 
2023-12-11 16:13:48.343  INFO 13385 --- [SpringApplicationShutdownHook] o.a.c.impl.engine.AbstractCamelContext   : Apache Camel 3.20.0 (camel-1) is shutting down (timeout:45s)
2023-12-11 16:13:48.359  INFO 13385 --- [Camel (camel-1) thread #1 - ShutdownTask] o.e.jetty.server.AbstractConnector       : Stopped ServerConnector@c6da8bb{HTTP/1.1, (http/1.1)}{172.30.1.84:7777}
2023-12-11 16:13:48.360  INFO 13385 --- [Camel (camel-1) thread #1 - ShutdownTask] o.e.jetty.server.handler.ContextHandler  : Stopped o.e.j.s.ServletContextHandler@53a5e217{/,null,STOPPED}
2023-12-11 16:13:48.366  INFO 13385 --- [SpringApplicationShutdownHook] o.a.c.impl.engine.AbstractCamelContext   : Routes stopped (stopped:1)
2023-12-11 16:13:48.366  INFO 13385 --- [SpringApplicationShutdownHook] o.a.c.impl.engine.AbstractCamelContext   :     Stopped dsp-if (jetty:http://172.30.1.84:7777/file)
2023-12-11 16:13:48.368  INFO 13385 --- [SpringApplicationShutdownHook] o.a.c.impl.engine.AbstractCamelContext   : Apache Camel 3.20.0 (camel-1) shutdown in 24ms (uptime:3m11s)
2023-12-11 16:13:48.376  INFO 13385 --- [SpringApplicationShutdownHook] o.a.c.c.s.CamelHttpTransportServlet      : Destroyed CamelHttpTransportServlet[CamelServlet]
2023-12-11 16:14:08.807  INFO 13534 --- [main] go.kr.dsp.api.DspApiApplication          : Starting DspApiApplication using Java 11.0.21 on localhost.localdomain with PID 13534 (/home/dsp_if/agent-1.0.0.jar started by root in /home/dsp_if)
2023-12-11 16:14:08.809  INFO 13534 --- [main] go.kr.dsp.api.DspApiApplication          : The following 1 profile is active: "if"
2023-12-11 16:14:10.823  INFO 13534 --- [main] o.s.b.w.embedded.tomcat.TomcatWebServer  : Tomcat initialized with port(s): 8787 (http)
2023-12-11 16:14:10.845  INFO 13534 --- [main] o.apache.catalina.core.StandardService   : Starting service [Tomcat]
2023-12-11 16:14:10.845  INFO 13534 --- [main] org.apache.catalina.core.StandardEngine  : Starting Servlet engine: [Apache Tomcat/9.0.70]
2023-12-11 16:14:10.943  INFO 13534 --- [main] o.a.c.c.C.[Tomcat].[localhost].[/]       : Initializing Spring embedded WebApplicationContext
2023-12-11 16:14:10.943  INFO 13534 --- [main] w.s.c.ServletWebServerApplicationContext : Root WebApplicationContext: initialization completed in 2052 ms
2023-12-11 16:14:13.202  INFO 13534 --- [main] o.s.b.a.e.web.EndpointLinksResolver      : Exposing 1 endpoint(s) beneath base path '/actuator'
2023-12-11 16:14:13.447  INFO 13534 --- [main] o.a.c.c.s.CamelHttpTransportServlet      : Initialized CamelHttpTransportServlet[name=CamelServlet, contextPath=]
2023-12-11 16:14:13.448  INFO 13534 --- [main] o.s.b.w.embedded.tomcat.TomcatWebServer  : Tomcat started on port(s): 8787 (http) with context path ''
2023-12-11 16:14:14.138  INFO 13534 --- [main] o.a.c.impl.engine.AbstractCamelContext   : Apache Camel 3.20.0 (camel-1) is starting
2023-12-11 16:14:14.226  INFO 13534 --- [main] org.eclipse.jetty.util.log               : Logging initialized @6228ms to org.eclipse.jetty.util.log.Slf4jLog
2023-12-11 16:14:14.279  INFO 13534 --- [main] org.eclipse.jetty.server.Server          : jetty-9.4.50.v20221201; built: 2022-12-01T22:07:03.915Z; git: da9a0b30691a45daf90a9f17b5defa2f1434f882; jvm 11.0.21+9-LTS
2023-12-11 16:14:14.301  INFO 13534 --- [main] o.e.jetty.server.handler.ContextHandler  : Started o.e.j.s.ServletContextHandler@3ec2ecea{/,null,AVAILABLE}
2023-12-11 16:14:14.312  INFO 13534 --- [main] o.e.jetty.server.AbstractConnector       : Started ServerConnector@36361ddb{HTTP/1.1, (http/1.1)}{172.30.1.84:7777}
2023-12-11 16:14:14.312  INFO 13534 --- [main] org.eclipse.jetty.server.Server          : Started @6314ms
2023-12-11 16:14:14.319  INFO 13534 --- [main] o.a.c.impl.engine.AbstractCamelContext   : Routes startup (started:1)
2023-12-11 16:14:14.319  INFO 13534 --- [main] o.a.c.impl.engine.AbstractCamelContext   :     Started dsp-if (jetty:http://172.30.1.84:7777/file)
2023-12-11 16:14:14.319  INFO 13534 --- [main] o.a.c.impl.engine.AbstractCamelContext   : Apache Camel 3.20.0 (camel-1) started in 643ms (build:63ms init:400ms start:180ms)
2023-12-11 16:14:14.323  INFO 13534 --- [main] go.kr.dsp.api.DspApiApplication          : Started DspApiApplication in 5.94 seconds (JVM running for 6.325)
2023-12-11 16:14:48.152  INFO 13534 --- [qtp277697988-36] if-template.yaml:15                      : {Accept-Encoding=gzip,deflate, agentName=if, CamelHttpMethod=POST, CamelHttpPath=, CamelHttpQuery=null, CamelHttpServletRequest=Request(POST //172.30.1.84:7777/file)@2a02f735, CamelHttpServletResponse=HTTP/1.1 200 

, CamelHttpUri=/file, CamelHttpUrl=http://172.30.1.84:7777/file, CamelServletContextPath=/file, Connection=keep-alive, Content-Length=52, fileExtension=sh, fileName=I0000001-S00001-1-if-ls.sh, Host=172.30.1.84:7777, instName=I0000001, serverNum=1, serviceName=S00001, User-Agent=Apache-HttpClient/4.5.13 (Java/11.0.20)}
2023-12-11 16:14:48.201 ERROR 13534 --- [qtp277697988-36] o.a.camel.component.exec.ExecProducer    : The command ExecCommand [args=[I0000001-S00001-1-if-ls.sh], executable=sh, timeout=9223372036854775807, exitValues=, outFile=null, workingDir=../, commandLogLevel=DEBUG, useStderrOnEmptyStdout=false] returned exit value 127
2023-12-11 16:14:48.202  INFO 13534 --- [qtp277697988-36] g.kr.dsp.api.processor.LogFileProcessor  : 
2023-12-11 16:15:18.707  INFO 13534 --- [SpringApplicationShutdownHook] o.a.c.impl.engine.AbstractCamelContext   : Apache Camel 3.20.0 (camel-1) is shutting down (timeout:45s)
2023-12-11 16:15:18.738  INFO 13534 --- [Camel (camel-1) thread #1 - ShutdownTask] o.e.jetty.server.AbstractConnector       : Stopped ServerConnector@36361ddb{HTTP/1.1, (http/1.1)}{172.30.1.84:7777}
2023-12-11 16:15:18.742  INFO 13534 --- [Camel (camel-1) thread #1 - ShutdownTask] o.e.jetty.server.handler.ContextHandler  : Stopped o.e.j.s.ServletContextHandler@3ec2ecea{/,null,STOPPED}
2023-12-11 16:15:18.758  INFO 13534 --- [SpringApplicationShutdownHook] o.a.c.impl.engine.AbstractCamelContext   : Routes stopped (stopped:1)
2023-12-11 16:15:18.759  INFO 13534 --- [SpringApplicationShutdownHook] o.a.c.impl.engine.AbstractCamelContext   :     Stopped dsp-if (jetty:http://172.30.1.84:7777/file)
2023-12-11 16:15:18.761  INFO 13534 --- [SpringApplicationShutdownHook] o.a.c.impl.engine.AbstractCamelContext   : Apache Camel 3.20.0 (camel-1) shutdown in 53ms (uptime:1m4s)
2023-12-11 16:15:18.770  INFO 13534 --- [SpringApplicationShutdownHook] o.a.c.c.s.CamelHttpTransportServlet      : Destroyed CamelHttpTransportServlet[CamelServlet]
2023-12-11 16:15:48.506  INFO 13710 --- [main] go.kr.dsp.api.DspApiApplication          : Starting DspApiApplication using Java 11.0.21 on localhost.localdomain with PID 13710 (/home/dsp_if/agent-1.0.0.jar started by root in /home/dsp_if)
2023-12-11 16:15:48.508  INFO 13710 --- [main] go.kr.dsp.api.DspApiApplication          : The following 1 profile is active: "if"
2023-12-11 16:15:50.945  INFO 13710 --- [main] o.s.b.w.embedded.tomcat.TomcatWebServer  : Tomcat initialized with port(s): 8787 (http)
2023-12-11 16:15:50.954  INFO 13710 --- [main] o.apache.catalina.core.StandardService   : Starting service [Tomcat]
2023-12-11 16:15:50.954  INFO 13710 --- [main] org.apache.catalina.core.StandardEngine  : Starting Servlet engine: [Apache Tomcat/9.0.70]
2023-12-11 16:15:51.011  INFO 13710 --- [main] o.a.c.c.C.[Tomcat].[localhost].[/]       : Initializing Spring embedded WebApplicationContext
2023-12-11 16:15:51.012  INFO 13710 --- [main] w.s.c.ServletWebServerApplicationContext : Root WebApplicationContext: initialization completed in 2402 ms
2023-12-11 16:15:52.000  INFO 13710 --- [main] o.s.b.a.e.web.EndpointLinksResolver      : Exposing 1 endpoint(s) beneath base path '/actuator'
2023-12-11 16:15:52.051  INFO 13710 --- [main] o.a.c.c.s.CamelHttpTransportServlet      : Initialized CamelHttpTransportServlet[name=CamelServlet, contextPath=]
2023-12-11 16:15:52.052  INFO 13710 --- [main] o.s.b.w.embedded.tomcat.TomcatWebServer  : Tomcat started on port(s): 8787 (http) with context path ''
2023-12-11 16:15:52.299  INFO 13710 --- [main] o.a.c.impl.engine.AbstractCamelContext   : Apache Camel 3.20.0 (camel-1) is starting
2023-12-11 16:15:52.348  INFO 13710 --- [main] org.eclipse.jetty.util.log               : Logging initialized @5747ms to org.eclipse.jetty.util.log.Slf4jLog
2023-12-11 16:15:52.404  INFO 13710 --- [main] org.eclipse.jetty.server.Server          : jetty-9.4.50.v20221201; built: 2022-12-01T22:07:03.915Z; git: da9a0b30691a45daf90a9f17b5defa2f1434f882; jvm 11.0.21+9-LTS
2023-12-11 16:15:52.434  INFO 13710 --- [main] o.e.jetty.server.handler.ContextHandler  : Started o.e.j.s.ServletContextHandler@440eaa07{/,null,AVAILABLE}
2023-12-11 16:15:52.441  INFO 13710 --- [main] o.e.jetty.server.AbstractConnector       : Started ServerConnector@41fed14f{HTTP/1.1, (http/1.1)}{172.30.1.84:7777}
2023-12-11 16:15:52.441  INFO 13710 --- [main] org.eclipse.jetty.server.Server          : Started @5840ms
2023-12-11 16:15:52.448  INFO 13710 --- [main] o.a.c.impl.engine.AbstractCamelContext   : Routes startup (started:1)
2023-12-11 16:15:52.448  INFO 13710 --- [main] o.a.c.impl.engine.AbstractCamelContext   :     Started dsp-if (jetty:http://172.30.1.84:7777/file)
2023-12-11 16:15:52.448  INFO 13710 --- [main] o.a.c.impl.engine.AbstractCamelContext   : Apache Camel 3.20.0 (camel-1) started in 317ms (build:38ms init:131ms start:148ms)
2023-12-11 16:15:52.452  INFO 13710 --- [main] go.kr.dsp.api.DspApiApplication          : Started DspApiApplication in 4.888 seconds (JVM running for 5.85)
2023-12-11 16:18:18.055  INFO 13710 --- [SpringApplicationShutdownHook] o.a.c.impl.engine.AbstractCamelContext   : Apache Camel 3.20.0 (camel-1) is shutting down (timeout:45s)
2023-12-11 16:18:18.072  INFO 13710 --- [Camel (camel-1) thread #1 - ShutdownTask] o.e.jetty.server.AbstractConnector       : Stopped ServerConnector@41fed14f{HTTP/1.1, (http/1.1)}{172.30.1.84:7777}
2023-12-11 16:18:18.074  INFO 13710 --- [Camel (camel-1) thread #1 - ShutdownTask] o.e.jetty.server.handler.ContextHandler  : Stopped o.e.j.s.ServletContextHandler@440eaa07{/,null,STOPPED}
2023-12-11 16:18:18.078  INFO 13710 --- [SpringApplicationShutdownHook] o.a.c.impl.engine.AbstractCamelContext   : Routes stopped (stopped:1)
2023-12-11 16:18:18.078  INFO 13710 --- [SpringApplicationShutdownHook] o.a.c.impl.engine.AbstractCamelContext   :     Stopped dsp-if (jetty:http://172.30.1.84:7777/file)
2023-12-11 16:18:18.081  INFO 13710 --- [SpringApplicationShutdownHook] o.a.c.impl.engine.AbstractCamelContext   : Apache Camel 3.20.0 (camel-1) shutdown in 26ms (uptime:2m25s)
2023-12-11 16:18:18.093  INFO 13710 --- [SpringApplicationShutdownHook] o.a.c.c.s.CamelHttpTransportServlet      : Destroyed CamelHttpTransportServlet[CamelServlet]
2023-12-11 16:18:40.734  INFO 13840 --- [main] go.kr.dsp.api.DspApiApplication          : Starting DspApiApplication using Java 11.0.21 on localhost.localdomain with PID 13840 (/home/dsp_if/agent-1.0.0.jar started by root in /home/dsp_if)
2023-12-11 16:18:40.736  INFO 13840 --- [main] go.kr.dsp.api.DspApiApplication          : The following 1 profile is active: "if"
2023-12-11 16:18:42.927  INFO 13840 --- [main] o.s.b.w.embedded.tomcat.TomcatWebServer  : Tomcat initialized with port(s): 8787 (http)
2023-12-11 16:18:42.940  INFO 13840 --- [main] o.apache.catalina.core.StandardService   : Starting service [Tomcat]
2023-12-11 16:18:42.941  INFO 13840 --- [main] org.apache.catalina.core.StandardEngine  : Starting Servlet engine: [Apache Tomcat/9.0.70]
2023-12-11 16:18:42.995  INFO 13840 --- [main] o.a.c.c.C.[Tomcat].[localhost].[/]       : Initializing Spring embedded WebApplicationContext
2023-12-11 16:18:42.996  INFO 13840 --- [main] w.s.c.ServletWebServerApplicationContext : Root WebApplicationContext: initialization completed in 2233 ms
2023-12-11 16:18:44.929  INFO 13840 --- [main] o.s.b.a.e.web.EndpointLinksResolver      : Exposing 1 endpoint(s) beneath base path '/actuator'
2023-12-11 16:18:45.211  INFO 13840 --- [main] o.a.c.c.s.CamelHttpTransportServlet      : Initialized CamelHttpTransportServlet[name=CamelServlet, contextPath=]
2023-12-11 16:18:45.212  INFO 13840 --- [main] o.s.b.w.embedded.tomcat.TomcatWebServer  : Tomcat started on port(s): 8787 (http) with context path ''
2023-12-11 16:18:45.846  INFO 13840 --- [main] o.a.c.impl.engine.AbstractCamelContext   : Apache Camel 3.20.0 (camel-1) is starting
2023-12-11 16:18:45.898  INFO 13840 --- [main] org.eclipse.jetty.util.log               : Logging initialized @6044ms to org.eclipse.jetty.util.log.Slf4jLog
2023-12-11 16:18:45.999  INFO 13840 --- [main] org.eclipse.jetty.server.Server          : jetty-9.4.50.v20221201; built: 2022-12-01T22:07:03.915Z; git: da9a0b30691a45daf90a9f17b5defa2f1434f882; jvm 11.0.21+9-LTS
2023-12-11 16:18:46.081  INFO 13840 --- [main] o.e.jetty.server.handler.ContextHandler  : Started o.e.j.s.ServletContextHandler@3ec2ecea{/,null,AVAILABLE}
2023-12-11 16:18:46.120  INFO 13840 --- [main] o.e.jetty.server.AbstractConnector       : Started ServerConnector@36361ddb{HTTP/1.1, (http/1.1)}{172.30.1.84:7777}
2023-12-11 16:18:46.120  INFO 13840 --- [main] org.eclipse.jetty.server.Server          : Started @6267ms
2023-12-11 16:18:46.128  INFO 13840 --- [main] o.a.c.impl.engine.AbstractCamelContext   : Routes startup (started:1)
2023-12-11 16:18:46.129  INFO 13840 --- [main] o.a.c.impl.engine.AbstractCamelContext   :     Started dsp-if (jetty:http://172.30.1.84:7777/file)
2023-12-11 16:18:46.129  INFO 13840 --- [main] o.a.c.impl.engine.AbstractCamelContext   : Apache Camel 3.20.0 (camel-1) started in 697ms (build:76ms init:339ms start:282ms)
2023-12-11 16:18:46.132  INFO 13840 --- [main] go.kr.dsp.api.DspApiApplication          : Started DspApiApplication in 5.886 seconds (JVM running for 6.279)
2023-12-11 16:19:20.287  INFO 13840 --- [SpringApplicationShutdownHook] o.a.c.impl.engine.AbstractCamelContext   : Apache Camel 3.20.0 (camel-1) is shutting down (timeout:45s)
2023-12-11 16:19:20.309  INFO 13840 --- [Camel (camel-1) thread #1 - ShutdownTask] o.e.jetty.server.AbstractConnector       : Stopped ServerConnector@36361ddb{HTTP/1.1, (http/1.1)}{172.30.1.84:7777}
2023-12-11 16:19:20.311  INFO 13840 --- [Camel (camel-1) thread #1 - ShutdownTask] o.e.jetty.server.handler.ContextHandler  : Stopped o.e.j.s.ServletContextHandler@3ec2ecea{/,null,STOPPED}
2023-12-11 16:19:20.317  INFO 13840 --- [SpringApplicationShutdownHook] o.a.c.impl.engine.AbstractCamelContext   : Routes stopped (stopped:1)
2023-12-11 16:19:20.317  INFO 13840 --- [SpringApplicationShutdownHook] o.a.c.impl.engine.AbstractCamelContext   :     Stopped dsp-if (jetty:http://172.30.1.84:7777/file)
2023-12-11 16:19:20.320  INFO 13840 --- [SpringApplicationShutdownHook] o.a.c.impl.engine.AbstractCamelContext   : Apache Camel 3.20.0 (camel-1) shutdown in 32ms (uptime:34s)
2023-12-11 16:19:20.330  INFO 13840 --- [SpringApplicationShutdownHook] o.a.c.c.s.CamelHttpTransportServlet      : Destroyed CamelHttpTransportServlet[CamelServlet]
2023-12-11 16:19:40.108  INFO 13941 --- [main] go.kr.dsp.api.DspApiApplication          : Starting DspApiApplication using Java 11.0.21 on localhost.localdomain with PID 13941 (/home/dsp_if/agent-1.0.0.jar started by root in /home/dsp_if)
2023-12-11 16:19:40.110  INFO 13941 --- [main] go.kr.dsp.api.DspApiApplication          : The following 1 profile is active: "if"
2023-12-11 16:19:42.201  INFO 13941 --- [main] o.s.b.w.embedded.tomcat.TomcatWebServer  : Tomcat initialized with port(s): 8787 (http)
2023-12-11 16:19:42.211  INFO 13941 --- [main] o.apache.catalina.core.StandardService   : Starting service [Tomcat]
2023-12-11 16:19:42.211  INFO 13941 --- [main] org.apache.catalina.core.StandardEngine  : Starting Servlet engine: [Apache Tomcat/9.0.70]
2023-12-11 16:19:42.315  INFO 13941 --- [main] o.a.c.c.C.[Tomcat].[localhost].[/]       : Initializing Spring embedded WebApplicationContext
2023-12-11 16:19:42.315  INFO 13941 --- [main] w.s.c.ServletWebServerApplicationContext : Root WebApplicationContext: initialization completed in 2171 ms
2023-12-11 16:19:44.384  INFO 13941 --- [main] o.s.b.a.e.web.EndpointLinksResolver      : Exposing 1 endpoint(s) beneath base path '/actuator'
2023-12-11 16:19:44.637  INFO 13941 --- [main] o.a.c.c.s.CamelHttpTransportServlet      : Initialized CamelHttpTransportServlet[name=CamelServlet, contextPath=]
2023-12-11 16:19:44.638  INFO 13941 --- [main] o.s.b.w.embedded.tomcat.TomcatWebServer  : Tomcat started on port(s): 8787 (http) with context path ''
2023-12-11 16:19:45.205  INFO 13941 --- [main] o.a.c.impl.engine.AbstractCamelContext   : Apache Camel 3.20.0 (camel-1) is starting
2023-12-11 16:19:45.270  INFO 13941 --- [main] org.eclipse.jetty.util.log               : Logging initialized @5955ms to org.eclipse.jetty.util.log.Slf4jLog
2023-12-11 16:19:45.355  INFO 13941 --- [main] org.eclipse.jetty.server.Server          : jetty-9.4.50.v20221201; built: 2022-12-01T22:07:03.915Z; git: da9a0b30691a45daf90a9f17b5defa2f1434f882; jvm 11.0.21+9-LTS
2023-12-11 16:19:45.484  INFO 13941 --- [main] o.e.jetty.server.handler.ContextHandler  : Started o.e.j.s.ServletContextHandler@7aa9e414{/,null,AVAILABLE}
2023-12-11 16:19:45.521  INFO 13941 --- [main] o.e.jetty.server.AbstractConnector       : Started ServerConnector@a33b4e3{HTTP/1.1, (http/1.1)}{172.30.1.84:7777}
2023-12-11 16:19:45.521  INFO 13941 --- [main] org.eclipse.jetty.server.Server          : Started @6206ms
2023-12-11 16:19:45.550  INFO 13941 --- [main] o.a.c.impl.engine.AbstractCamelContext   : Routes startup (started:1)
2023-12-11 16:19:45.550  INFO 13941 --- [main] o.a.c.impl.engine.AbstractCamelContext   :     Started dsp-if (jetty:http://172.30.1.84:7777/file)
2023-12-11 16:19:45.550  INFO 13941 --- [main] o.a.c.impl.engine.AbstractCamelContext   : Apache Camel 3.20.0 (camel-1) started in 734ms (build:103ms init:287ms start:344ms)
2023-12-11 16:19:45.554  INFO 13941 --- [main] go.kr.dsp.api.DspApiApplication          : Started DspApiApplication in 5.902 seconds (JVM running for 6.239)
2023-12-11 16:20:15.438  INFO 13941 --- [SpringApplicationShutdownHook] o.a.c.impl.engine.AbstractCamelContext   : Apache Camel 3.20.0 (camel-1) is shutting down (timeout:45s)
2023-12-11 16:20:15.469  INFO 13941 --- [Camel (camel-1) thread #1 - ShutdownTask] o.e.jetty.server.AbstractConnector       : Stopped ServerConnector@a33b4e3{HTTP/1.1, (http/1.1)}{172.30.1.84:7777}
2023-12-11 16:20:15.472  INFO 13941 --- [Camel (camel-1) thread #1 - ShutdownTask] o.e.jetty.server.handler.ContextHandler  : Stopped o.e.j.s.ServletContextHandler@7aa9e414{/,null,STOPPED}
2023-12-11 16:20:15.477  INFO 13941 --- [SpringApplicationShutdownHook] o.a.c.impl.engine.AbstractCamelContext   : Routes stopped (stopped:1)
2023-12-11 16:20:15.477  INFO 13941 --- [SpringApplicationShutdownHook] o.a.c.impl.engine.AbstractCamelContext   :     Stopped dsp-if (jetty:http://172.30.1.84:7777/file)
2023-12-11 16:20:15.480  INFO 13941 --- [SpringApplicationShutdownHook] o.a.c.impl.engine.AbstractCamelContext   : Apache Camel 3.20.0 (camel-1) shutdown in 41ms (uptime:30s)
2023-12-11 16:20:15.484  INFO 13941 --- [SpringApplicationShutdownHook] o.a.c.c.s.CamelHttpTransportServlet      : Destroyed CamelHttpTransportServlet[CamelServlet]
2023-12-11 16:20:25.455  INFO 14042 --- [main] go.kr.dsp.api.DspApiApplication          : Starting DspApiApplication using Java 11.0.21 on localhost.localdomain with PID 14042 (/home/dsp_if/agent-1.0.0.jar started by root in /home/dsp_if)
2023-12-11 16:20:25.457  INFO 14042 --- [main] go.kr.dsp.api.DspApiApplication          : The following 1 profile is active: "if"
2023-12-11 16:20:27.762  INFO 14042 --- [main] o.s.b.w.embedded.tomcat.TomcatWebServer  : Tomcat initialized with port(s): 8787 (http)
2023-12-11 16:20:27.771  INFO 14042 --- [main] o.apache.catalina.core.StandardService   : Starting service [Tomcat]
2023-12-11 16:20:27.772  INFO 14042 --- [main] org.apache.catalina.core.StandardEngine  : Starting Servlet engine: [Apache Tomcat/9.0.70]
2023-12-11 16:20:27.856  INFO 14042 --- [main] o.a.c.c.C.[Tomcat].[localhost].[/]       : Initializing Spring embedded WebApplicationContext
2023-12-11 16:20:27.856  INFO 14042 --- [main] w.s.c.ServletWebServerApplicationContext : Root WebApplicationContext: initialization completed in 2323 ms
2023-12-11 16:20:30.115  INFO 14042 --- [main] o.s.b.a.e.web.EndpointLinksResolver      : Exposing 1 endpoint(s) beneath base path '/actuator'
2023-12-11 16:20:30.372  INFO 14042 --- [main] o.a.c.c.s.CamelHttpTransportServlet      : Initialized CamelHttpTransportServlet[name=CamelServlet, contextPath=]
2023-12-11 16:20:30.374  INFO 14042 --- [main] o.s.b.w.embedded.tomcat.TomcatWebServer  : Tomcat started on port(s): 8787 (http) with context path ''
2023-12-11 16:20:30.943  INFO 14042 --- [main] o.a.c.impl.engine.AbstractCamelContext   : Apache Camel 3.20.0 (camel-1) is starting
2023-12-11 16:20:31.025  INFO 14042 --- [main] org.eclipse.jetty.util.log               : Logging initialized @6395ms to org.eclipse.jetty.util.log.Slf4jLog
2023-12-11 16:20:31.098  INFO 14042 --- [main] org.eclipse.jetty.server.Server          : jetty-9.4.50.v20221201; built: 2022-12-01T22:07:03.915Z; git: da9a0b30691a45daf90a9f17b5defa2f1434f882; jvm 11.0.21+9-LTS
2023-12-11 16:20:31.269  INFO 14042 --- [main] o.e.jetty.server.handler.ContextHandler  : Started o.e.j.s.ServletContextHandler@6f4ade6e{/,null,AVAILABLE}
2023-12-11 16:20:31.289  INFO 14042 --- [main] o.e.jetty.server.AbstractConnector       : Started ServerConnector@b2f4ece{HTTP/1.1, (http/1.1)}{172.30.1.84:7777}
2023-12-11 16:20:31.290  INFO 14042 --- [main] org.eclipse.jetty.server.Server          : Started @6659ms
2023-12-11 16:20:31.298  INFO 14042 --- [main] o.a.c.impl.engine.AbstractCamelContext   : Routes startup (started:1)
2023-12-11 16:20:31.298  INFO 14042 --- [main] o.a.c.impl.engine.AbstractCamelContext   :     Started dsp-if (jetty:http://172.30.1.84:7777/file)
2023-12-11 16:20:31.298  INFO 14042 --- [main] o.a.c.impl.engine.AbstractCamelContext   : Apache Camel 3.20.0 (camel-1) started in 710ms (build:40ms init:316ms start:354ms)
2023-12-11 16:20:31.302  INFO 14042 --- [main] go.kr.dsp.api.DspApiApplication          : Started DspApiApplication in 6.324 seconds (JVM running for 6.671)
2023-12-11 16:23:59.590  INFO 14042 --- [SpringApplicationShutdownHook] o.a.c.impl.engine.AbstractCamelContext   : Apache Camel 3.20.0 (camel-1) is shutting down (timeout:45s)
2023-12-11 16:23:59.610  INFO 14042 --- [Camel (camel-1) thread #1 - ShutdownTask] o.e.jetty.server.AbstractConnector       : Stopped ServerConnector@b2f4ece{HTTP/1.1, (http/1.1)}{172.30.1.84:7777}
2023-12-11 16:23:59.611  INFO 14042 --- [Camel (camel-1) thread #1 - ShutdownTask] o.e.jetty.server.handler.ContextHandler  : Stopped o.e.j.s.ServletContextHandler@6f4ade6e{/,null,STOPPED}
2023-12-11 16:23:59.618  INFO 14042 --- [SpringApplicationShutdownHook] o.a.c.impl.engine.AbstractCamelContext   : Routes stopped (stopped:1)
2023-12-11 16:23:59.618  INFO 14042 --- [SpringApplicationShutdownHook] o.a.c.impl.engine.AbstractCamelContext   :     Stopped dsp-if (jetty:http://172.30.1.84:7777/file)
2023-12-11 16:23:59.620  INFO 14042 --- [SpringApplicationShutdownHook] o.a.c.impl.engine.AbstractCamelContext   : Apache Camel 3.20.0 (camel-1) shutdown in 30ms (uptime:3m28s)
2023-12-11 16:23:59.627  INFO 14042 --- [SpringApplicationShutdownHook] o.a.c.c.s.CamelHttpTransportServlet      : Destroyed CamelHttpTransportServlet[CamelServlet]
2023-12-11 16:24:11.427  INFO 14193 --- [main] go.kr.dsp.api.DspApiApplication          : Starting DspApiApplication using Java 11.0.21 on localhost.localdomain with PID 14193 (/home/dsp_if/agent-1.0.0.jar started by root in /home/dsp_if)
2023-12-11 16:24:11.429  INFO 14193 --- [main] go.kr.dsp.api.DspApiApplication          : The following 1 profile is active: "if"
2023-12-11 16:24:12.812  INFO 14193 --- [main] o.s.b.w.embedded.tomcat.TomcatWebServer  : Tomcat initialized with port(s): 8787 (http)
2023-12-11 16:24:12.860  INFO 14193 --- [main] o.apache.catalina.core.StandardService   : Starting service [Tomcat]
2023-12-11 16:24:12.860  INFO 14193 --- [main] org.apache.catalina.core.StandardEngine  : Starting Servlet engine: [Apache Tomcat/9.0.70]
2023-12-11 16:24:13.011  INFO 14193 --- [main] o.a.c.c.C.[Tomcat].[localhost].[/]       : Initializing Spring embedded WebApplicationContext
2023-12-11 16:24:13.012  INFO 14193 --- [main] w.s.c.ServletWebServerApplicationContext : Root WebApplicationContext: initialization completed in 1501 ms
2023-12-11 16:24:15.120  INFO 14193 --- [main] o.s.b.a.e.web.EndpointLinksResolver      : Exposing 1 endpoint(s) beneath base path '/actuator'
2023-12-11 16:24:15.177  INFO 14193 --- [main] o.a.c.c.s.CamelHttpTransportServlet      : Initialized CamelHttpTransportServlet[name=CamelServlet, contextPath=]
2023-12-11 16:24:15.178  INFO 14193 --- [main] o.s.b.w.embedded.tomcat.TomcatWebServer  : Tomcat started on port(s): 8787 (http) with context path ''
2023-12-11 16:24:15.503  INFO 14193 --- [main] o.a.c.impl.engine.AbstractCamelContext   : Apache Camel 3.20.0 (camel-1) is starting
2023-12-11 16:24:15.561  INFO 14193 --- [main] org.eclipse.jetty.util.log               : Logging initialized @5074ms to org.eclipse.jetty.util.log.Slf4jLog
2023-12-11 16:24:15.654  INFO 14193 --- [main] org.eclipse.jetty.server.Server          : jetty-9.4.50.v20221201; built: 2022-12-01T22:07:03.915Z; git: da9a0b30691a45daf90a9f17b5defa2f1434f882; jvm 11.0.21+9-LTS
2023-12-11 16:24:15.808  INFO 14193 --- [main] o.e.jetty.server.handler.ContextHandler  : Started o.e.j.s.ServletContextHandler@3ec2ecea{/,null,AVAILABLE}
2023-12-11 16:24:15.814  INFO 14193 --- [main] o.e.jetty.server.AbstractConnector       : Started ServerConnector@36361ddb{HTTP/1.1, (http/1.1)}{172.30.1.84:7777}
2023-12-11 16:24:15.814  INFO 14193 --- [main] org.eclipse.jetty.server.Server          : Started @5326ms
2023-12-11 16:24:15.819  INFO 14193 --- [main] o.a.c.impl.engine.AbstractCamelContext   : Routes startup (started:1)
2023-12-11 16:24:15.819  INFO 14193 --- [main] o.a.c.impl.engine.AbstractCamelContext   :     Started dsp-if (jetty:http://172.30.1.84:7777/file)
2023-12-11 16:24:15.819  INFO 14193 --- [main] o.a.c.impl.engine.AbstractCamelContext   : Apache Camel 3.20.0 (camel-1) started in 621ms (build:127ms init:179ms start:315ms)
2023-12-11 16:24:15.835  INFO 14193 --- [main] go.kr.dsp.api.DspApiApplication          : Started DspApiApplication in 4.963 seconds (JVM running for 5.347)
2023-12-11 16:43:52.147  INFO 14193 --- [SpringApplicationShutdownHook] o.a.c.impl.engine.AbstractCamelContext   : Apache Camel 3.20.0 (camel-1) is shutting down (timeout:45s)
2023-12-11 16:43:52.179  INFO 14193 --- [Camel (camel-1) thread #1 - ShutdownTask] o.e.jetty.server.AbstractConnector       : Stopped ServerConnector@36361ddb{HTTP/1.1, (http/1.1)}{172.30.1.84:7777}
2023-12-11 16:43:52.181  INFO 14193 --- [Camel (camel-1) thread #1 - ShutdownTask] o.e.jetty.server.handler.ContextHandler  : Stopped o.e.j.s.ServletContextHandler@3ec2ecea{/,null,STOPPED}
2023-12-11 16:43:52.188  INFO 14193 --- [SpringApplicationShutdownHook] o.a.c.impl.engine.AbstractCamelContext   : Routes stopped (stopped:1)
2023-12-11 16:43:52.188  INFO 14193 --- [SpringApplicationShutdownHook] o.a.c.impl.engine.AbstractCamelContext   :     Stopped dsp-if (jetty:http://172.30.1.84:7777/file)
2023-12-11 16:43:52.191  INFO 14193 --- [SpringApplicationShutdownHook] o.a.c.impl.engine.AbstractCamelContext   : Apache Camel 3.20.0 (camel-1) shutdown in 43ms (uptime:19m36s)
2023-12-11 16:43:52.215  INFO 14193 --- [SpringApplicationShutdownHook] o.a.c.c.s.CamelHttpTransportServlet      : Destroyed CamelHttpTransportServlet[CamelServlet]
2023-12-11 16:46:19.966  INFO 14510 --- [main] go.kr.dsp.api.DspApiApplication          : Starting DspApiApplication using Java 11.0.21 on localhost.localdomain with PID 14510 (/home/dsp_if/agent-1.0.0.jar started by root in /home/dsp_if)
2023-12-11 16:46:19.992  INFO 14510 --- [main] go.kr.dsp.api.DspApiApplication          : The following 1 profile is active: "if"
2023-12-11 16:46:21.398  INFO 14510 --- [main] o.s.b.w.embedded.tomcat.TomcatWebServer  : Tomcat initialized with port(s): 8787 (http)
2023-12-11 16:46:21.406  INFO 14510 --- [main] o.apache.catalina.core.StandardService   : Starting service [Tomcat]
2023-12-11 16:46:21.406  INFO 14510 --- [main] org.apache.catalina.core.StandardEngine  : Starting Servlet engine: [Apache Tomcat/9.0.70]
2023-12-11 16:46:21.451  INFO 14510 --- [main] o.a.c.c.C.[Tomcat].[localhost].[/]       : Initializing Spring embedded WebApplicationContext
2023-12-11 16:46:21.451  INFO 14510 --- [main] w.s.c.ServletWebServerApplicationContext : Root WebApplicationContext: initialization completed in 1331 ms
2023-12-11 16:46:22.367  INFO 14510 --- [main] o.s.b.a.e.web.EndpointLinksResolver      : Exposing 1 endpoint(s) beneath base path '/actuator'
2023-12-11 16:46:22.438  INFO 14510 --- [main] o.a.c.c.s.CamelHttpTransportServlet      : Initialized CamelHttpTransportServlet[name=CamelServlet, contextPath=]
2023-12-11 16:46:22.440  INFO 14510 --- [main] o.s.b.w.embedded.tomcat.TomcatWebServer  : Tomcat started on port(s): 8787 (http) with context path ''
2023-12-11 16:46:22.696  INFO 14510 --- [main] o.a.c.impl.engine.AbstractCamelContext   : Apache Camel 3.20.0 (camel-1) is starting
2023-12-11 16:46:22.723  INFO 14510 --- [main] org.eclipse.jetty.util.log               : Logging initialized @4729ms to org.eclipse.jetty.util.log.Slf4jLog
2023-12-11 16:46:22.759  INFO 14510 --- [main] org.eclipse.jetty.server.Server          : jetty-9.4.50.v20221201; built: 2022-12-01T22:07:03.915Z; git: da9a0b30691a45daf90a9f17b5defa2f1434f882; jvm 11.0.21+9-LTS
2023-12-11 16:46:22.782  INFO 14510 --- [main] o.e.jetty.server.handler.ContextHandler  : Started o.e.j.s.ServletContextHandler@11d4dbd6{/,null,AVAILABLE}
2023-12-11 16:46:22.788  INFO 14510 --- [main] o.e.jetty.server.AbstractConnector       : Started ServerConnector@1da4b6b3{HTTP/1.1, (http/1.1)}{172.30.1.84:7777}
2023-12-11 16:46:22.788  INFO 14510 --- [main] org.eclipse.jetty.server.Server          : Started @4794ms
2023-12-11 16:46:22.801  INFO 14510 --- [main] o.a.c.impl.engine.AbstractCamelContext   : Routes startup (started:1)
2023-12-11 16:46:22.801  INFO 14510 --- [main] o.a.c.impl.engine.AbstractCamelContext   :     Started dsp-if (jetty:http://172.30.1.84:7777/file)
2023-12-11 16:46:22.801  INFO 14510 --- [main] o.a.c.impl.engine.AbstractCamelContext   : Apache Camel 3.20.0 (camel-1) started in 290ms (build:38ms init:148ms start:104ms)
2023-12-11 16:46:22.804  INFO 14510 --- [main] go.kr.dsp.api.DspApiApplication          : Started DspApiApplication in 3.638 seconds (JVM running for 4.811)
2023-12-11 16:53:02.072  INFO 14669 --- [main] go.kr.dsp.api.DspApiApplication          : Starting DspApiApplication using Java 11.0.21 on localhost.localdomain with PID 14669 (/home/dsp_if/agent-1.0.0.jar started by root in /home/dsp_if)
2023-12-11 16:53:02.081  INFO 14669 --- [main] go.kr.dsp.api.DspApiApplication          : The following 1 profile is active: "if"
2023-12-11 16:53:03.352  INFO 14669 --- [main] o.s.b.w.embedded.tomcat.TomcatWebServer  : Tomcat initialized with port(s): 8787 (http)
2023-12-11 16:53:03.360  INFO 14669 --- [main] o.apache.catalina.core.StandardService   : Starting service [Tomcat]
2023-12-11 16:53:03.360  INFO 14669 --- [main] org.apache.catalina.core.StandardEngine  : Starting Servlet engine: [Apache Tomcat/9.0.70]
2023-12-11 16:53:03.418  INFO 14669 --- [main] o.a.c.c.C.[Tomcat].[localhost].[/]       : Initializing Spring embedded WebApplicationContext
2023-12-11 16:53:03.418  INFO 14669 --- [main] w.s.c.ServletWebServerApplicationContext : Root WebApplicationContext: initialization completed in 1292 ms
2023-12-11 16:53:04.418  INFO 14669 --- [main] o.s.b.a.e.web.EndpointLinksResolver      : Exposing 1 endpoint(s) beneath base path '/actuator'
2023-12-11 16:53:04.482  INFO 14669 --- [main] o.a.c.c.s.CamelHttpTransportServlet      : Initialized CamelHttpTransportServlet[name=CamelServlet, contextPath=]
2023-12-11 16:53:04.483  INFO 14669 --- [main] o.s.b.w.embedded.tomcat.TomcatWebServer  : Tomcat started on port(s): 8787 (http) with context path ''
2023-12-11 16:53:04.768  INFO 14669 --- [main] o.a.c.impl.engine.AbstractCamelContext   : Apache Camel 3.20.0 (camel-1) is starting
2023-12-11 16:53:04.799  INFO 14669 --- [main] org.eclipse.jetty.util.log               : Logging initialized @3535ms to org.eclipse.jetty.util.log.Slf4jLog
2023-12-11 16:53:04.837  INFO 14669 --- [main] org.eclipse.jetty.server.Server          : jetty-9.4.50.v20221201; built: 2022-12-01T22:07:03.915Z; git: da9a0b30691a45daf90a9f17b5defa2f1434f882; jvm 11.0.21+9-LTS
2023-12-11 16:53:04.855  INFO 14669 --- [main] o.e.jetty.server.handler.ContextHandler  : Started o.e.j.s.ServletContextHandler@86733{/,null,AVAILABLE}
2023-12-11 16:53:04.877  INFO 14669 --- [main] o.e.jetty.server.AbstractConnector       : Started ServerConnector@34fe326d{HTTP/1.1, (http/1.1)}{172.30.1.84:7777}
2023-12-11 16:53:04.878  INFO 14669 --- [main] org.eclipse.jetty.server.Server          : Started @3615ms
2023-12-11 16:53:04.885  INFO 14669 --- [main] o.a.c.impl.engine.AbstractCamelContext   : Routes startup (started:1)
2023-12-11 16:53:04.885  INFO 14669 --- [main] o.a.c.impl.engine.AbstractCamelContext   :     Started dsp-if (jetty:http://172.30.1.84:7777/file)
2023-12-11 16:53:04.885  INFO 14669 --- [main] o.a.c.impl.engine.AbstractCamelContext   : Apache Camel 3.20.0 (camel-1) started in 332ms (build:40ms init:176ms start:116ms)
2023-12-11 16:53:04.888  INFO 14669 --- [main] go.kr.dsp.api.DspApiApplication          : Started DspApiApplication in 3.249 seconds (JVM running for 3.625)
2023-12-11 17:05:17.869  INFO 14827 --- [main] go.kr.dsp.api.DspApiApplication          : Starting DspApiApplication using Java 11.0.21 on localhost.localdomain with PID 14827 (/home/dsp_if/agent-1.0.0.jar started by root in /home/dsp_if)
2023-12-11 17:05:17.872  INFO 14827 --- [main] go.kr.dsp.api.DspApiApplication          : The following 1 profile is active: "if"
2023-12-11 17:05:19.112  INFO 14827 --- [main] o.s.b.w.embedded.tomcat.TomcatWebServer  : Tomcat initialized with port(s): 8787 (http)
2023-12-11 17:05:19.121  INFO 14827 --- [main] o.apache.catalina.core.StandardService   : Starting service [Tomcat]
2023-12-11 17:05:19.121  INFO 14827 --- [main] org.apache.catalina.core.StandardEngine  : Starting Servlet engine: [Apache Tomcat/9.0.70]
2023-12-11 17:05:19.175  INFO 14827 --- [main] o.a.c.c.C.[Tomcat].[localhost].[/]       : Initializing Spring embedded WebApplicationContext
2023-12-11 17:05:19.175  INFO 14827 --- [main] w.s.c.ServletWebServerApplicationContext : Root WebApplicationContext: initialization completed in 1237 ms
2023-12-11 17:05:20.135  INFO 14827 --- [main] o.s.b.a.e.web.EndpointLinksResolver      : Exposing 1 endpoint(s) beneath base path '/actuator'
2023-12-11 17:05:20.197  INFO 14827 --- [main] o.a.c.c.s.CamelHttpTransportServlet      : Initialized CamelHttpTransportServlet[name=CamelServlet, contextPath=]
2023-12-11 17:05:20.198  INFO 14827 --- [main] o.s.b.w.embedded.tomcat.TomcatWebServer  : Tomcat started on port(s): 8787 (http) with context path ''
2023-12-11 17:05:20.454  INFO 14827 --- [main] o.a.c.impl.engine.AbstractCamelContext   : Apache Camel 3.20.0 (camel-1) is starting
2023-12-11 17:05:20.481  INFO 14827 --- [main] org.eclipse.jetty.util.log               : Logging initialized @3460ms to org.eclipse.jetty.util.log.Slf4jLog
2023-12-11 17:05:20.517  INFO 14827 --- [main] org.eclipse.jetty.server.Server          : jetty-9.4.50.v20221201; built: 2022-12-01T22:07:03.915Z; git: da9a0b30691a45daf90a9f17b5defa2f1434f882; jvm 11.0.21+9-LTS
2023-12-11 17:05:20.534  INFO 14827 --- [main] o.e.jetty.server.handler.ContextHandler  : Started o.e.j.s.ServletContextHandler@86733{/,null,AVAILABLE}
2023-12-11 17:05:20.540  INFO 14827 --- [main] o.e.jetty.server.AbstractConnector       : Started ServerConnector@34fe326d{HTTP/1.1, (http/1.1)}{172.30.1.84:7777}
2023-12-11 17:05:20.540  INFO 14827 --- [main] org.eclipse.jetty.server.Server          : Started @3519ms
2023-12-11 17:05:20.546  INFO 14827 --- [main] o.a.c.impl.engine.AbstractCamelContext   : Routes startup (started:1)
2023-12-11 17:05:20.546  INFO 14827 --- [main] o.a.c.impl.engine.AbstractCamelContext   :     Started dsp-if (jetty:http://172.30.1.84:7777/file)
2023-12-11 17:05:20.546  INFO 14827 --- [main] o.a.c.impl.engine.AbstractCamelContext   : Apache Camel 3.20.0 (camel-1) started in 284ms (build:43ms init:149ms start:92ms)
2023-12-11 17:05:20.550  INFO 14827 --- [main] go.kr.dsp.api.DspApiApplication          : Started DspApiApplication in 3.126 seconds (JVM running for 3.529)
2023-12-11 17:07:19.910  INFO 14827 --- [qtp687685057-36] if-template.yaml:15                      : {Accept-Encoding=gzip,deflate, agentName=if, CamelHttpMethod=POST, CamelHttpPath=, CamelHttpQuery=null, CamelHttpServletRequest=Request(POST //172.30.1.84:7777/file)@7ad3fcb0, CamelHttpServletResponse=HTTP/1.1 200 

, CamelHttpUri=/file, CamelHttpUrl=http://172.30.1.84:7777/file, CamelServletContextPath=/file, Connection=keep-alive, Content-Length=52, fileExtension=sh, fileName=I0000001-S00001-1-if-ls.sh, Host=172.30.1.84:7777, instName=I0000001, serverNum=1, serviceName=S00001, User-Agent=Apache-HttpClient/4.5.13 (Java/11.0.20)}
2023-12-11 17:07:19.986  INFO 14827 --- [qtp687685057-36] g.kr.dsp.api.processor.LogFileProcessor  : Test...
합계 77876
drwxr-xr-x. 6 root root       79 12월 11 16:24 .
drwxr-xr-x. 4 root root       38 11월 21 09:16 ..
-rw-r--r--. 1 root root 79743495 12월 11 15:23 agent-1.0.0.jar
drwxr-xr-x. 2 root root       55 12월  8 17:14 file
drwxr-xr-x. 2 root root       80 12월 11 10:50 logs
drwxr-xr-x. 3 root root       54 12월 11 17:07 script
drwxr-xr-x. 4 root root       40 12월 11 16:24 yaml
Done

2023-12-11 17:08:53.620  INFO 14827 --- [qtp687685057-36] if-template.yaml:15                      : {Accept-Encoding=gzip,deflate, agentName=if, CamelHttpMethod=POST, CamelHttpPath=, CamelHttpQuery=null, CamelHttpServletRequest=Request(POST //172.30.1.84:7777/file)@1066e5b4, CamelHttpServletResponse=HTTP/1.1 200 

, CamelHttpUri=/file, CamelHttpUrl=http://172.30.1.84:7777/file, CamelServletContextPath=/file, Connection=keep-alive, Content-Length=52, fileExtension=sh, fileName=I0000001-S00001-1-if-ls.sh, Host=172.30.1.84:7777, instName=I0000001, serverNum=1, serviceName=S00001, User-Agent=Apache-HttpClient/4.5.13 (Java/11.0.20)}
2023-12-11 17:08:53.630  INFO 14827 --- [qtp687685057-36] g.kr.dsp.api.processor.LogFileProcessor  : Test...
합계 77876
drwxr-xr-x. 6 root root       79 12월 11 16:24 .
drwxr-xr-x. 4 root root       38 11월 21 09:16 ..
-rw-r--r--. 1 root root 79743495 12월 11 15:23 agent-1.0.0.jar
drwxr-xr-x. 2 root root       55 12월  8 17:14 file
drwxr-xr-x. 2 root root       80 12월 11 10:50 logs
drwxr-xr-x. 3 root root       54 12월 11 17:08 script
drwxr-xr-x. 4 root root       40 12월 11 16:24 yaml
Done

2023-12-11 17:11:08.721  INFO 14827 --- [qtp687685057-34] if-template.yaml:15                      : {Accept-Encoding=gzip,deflate, agentName=if, CamelHttpMethod=POST, CamelHttpPath=, CamelHttpQuery=null, CamelHttpServletRequest=Request(POST //172.30.1.84:7777/file)@29498da0, CamelHttpServletResponse=HTTP/1.1 200 

, CamelHttpUri=/file, CamelHttpUrl=http://172.30.1.84:7777/file, CamelServletContextPath=/file, Connection=keep-alive, Content-Length=52, fileExtension=sh, fileName=I0000001-S00001-1-if-ls.sh, Host=172.30.1.84:7777, instName=I0000001, serverNum=1, serviceName=S00001, User-Agent=Apache-HttpClient/4.5.13 (Java/11.0.20)}
2023-12-11 17:11:08.732  INFO 14827 --- [qtp687685057-34] g.kr.dsp.api.processor.LogFileProcessor  : Test...
합계 77876
drwxr-xr-x. 6 root root       79 12월 11 16:24 .
drwxr-xr-x. 4 root root       38 11월 21 09:16 ..
-rw-r--r--. 1 root root 79743495 12월 11 15:23 agent-1.0.0.jar
drwxr-xr-x. 2 root root       55 12월  8 17:14 file
drwxr-xr-x. 2 root root       80 12월 11 10:50 logs
drwxr-xr-x. 3 root root       54 12월 11 17:11 script
drwxr-xr-x. 4 root root       40 12월 11 16:24 yaml
Done

