2023-12-04 09:33:46.850  INFO 22948 --- [main] go.kr.dsp.api.DspApiProvApplication      : Starting DspApiProvApplication using Java 11.0.20 on yoonms0623 with PID 22948 (C:\dsp\dsp-api-prov\build\classes\java\main started by yoonms0623 in C:\dsp\dsp-api-prov)
2023-12-04 09:33:46.856  INFO 22948 --- [main] go.kr.dsp.api.DspApiProvApplication      : The following 1 profile is active: "prov"
2023-12-04 09:33:48.255  INFO 22948 --- [main] o.s.b.w.embedded.tomcat.TomcatWebServer  : Tomcat initialized with port(s): 8888 (http)
2023-12-04 09:33:48.265  INFO 22948 --- [main] o.apache.catalina.core.StandardService   : Starting service [Tomcat]
2023-12-04 09:33:48.265  INFO 22948 --- [main] org.apache.catalina.core.StandardEngine  : Starting Servlet engine: [Apache Tomcat/9.0.70]
2023-12-04 09:33:48.412  INFO 22948 --- [main] o.a.c.c.C.[Tomcat].[localhost].[/]       : Initializing Spring embedded WebApplicationContext
2023-12-04 09:33:48.412  INFO 22948 --- [main] w.s.c.ServletWebServerApplicationContext : Root WebApplicationContext: initialization completed in 1517 ms
2023-12-04 09:33:49.341  INFO 22948 --- [main] o.s.b.a.e.web.EndpointLinksResolver      : Exposing 1 endpoint(s) beneath base path '/actuator'
2023-12-04 09:33:49.432  INFO 22948 --- [main] o.a.c.c.s.CamelHttpTransportServlet      : Initialized CamelHttpTransportServlet[name=CamelServlet, contextPath=]
2023-12-04 09:33:49.434  INFO 22948 --- [main] o.s.b.w.embedded.tomcat.TomcatWebServer  : Tomcat started on port(s): 8888 (http) with context path ''
2023-12-04 09:33:49.882  INFO 22948 --- [main] o.a.c.impl.engine.AbstractCamelContext   : Apache Camel 3.20.0 (camel-1) is starting
2023-12-04 09:33:49.898  INFO 22948 --- [main] org.eclipse.jetty.util.log               : Logging initialized @4802ms to org.eclipse.jetty.util.log.Slf4jLog
2023-12-04 09:33:49.930  WARN 22948 --- [main] o.a.c.c.jetty.JettyHttpComponent         : You use localhost interface! It means that no external connections will be available. Don't you want to use 0.0.0.0 instead (all network interfaces)? jetty:http://localhost:5555/%7B%7D/%7B%7D
2023-12-04 09:33:49.946  INFO 22948 --- [main] org.eclipse.jetty.server.Server          : jetty-9.4.50.v20221201; built: 2022-12-01T22:07:03.915Z; git: da9a0b30691a45daf90a9f17b5defa2f1434f882; jvm 11.0.20+8
2023-12-04 09:33:49.971  INFO 22948 --- [main] o.e.jetty.server.handler.ContextHandler  : Started o.e.j.s.ServletContextHandler@51da7b08{/,null,AVAILABLE}
2023-12-04 09:33:49.982  INFO 22948 --- [main] o.e.jetty.server.AbstractConnector       : Started ServerConnector@4ae5ddc0{HTTP/1.1, (http/1.1)}{localhost:5555}
2023-12-04 09:33:49.983  INFO 22948 --- [main] org.eclipse.jetty.server.Server          : Started @4886ms
2023-12-04 09:33:49.995  INFO 22948 --- [main] o.a.c.impl.engine.AbstractCamelContext   : Routes startup (started:2)
2023-12-04 09:33:49.995  INFO 22948 --- [main] o.a.c.impl.engine.AbstractCamelContext   :     Started dsp-exec (jetty:http://localhost:5555/%7B%7D/%7B%7D)
2023-12-04 09:33:49.995  INFO 22948 --- [main] o.a.c.impl.engine.AbstractCamelContext   :     Started dsp-deploy-agent (file://file)
2023-12-04 09:33:49.995  INFO 22948 --- [main] o.a.c.impl.engine.AbstractCamelContext   : Apache Camel 3.20.0 (camel-1) started in 448ms (build:53ms init:283ms start:112ms)
2023-12-04 09:33:50.001  INFO 22948 --- [main] go.kr.dsp.api.DspApiProvApplication      : Started DspApiProvApplication in 3.511 seconds (JVM running for 4.904)
2023-12-04 09:33:51.020  INFO 22948 --- [Camel (camel-1) thread #1 - file://file] g.kr.dsp.api.processor.FileExtProcessor  : 파일 크기: 0.84 mb
2023-12-04 09:33:51.022  INFO 22948 --- [Camel (camel-1) thread #1 - file://file] prov-template.yaml:14                    : {agentName=if, CamelFileAbsolute=false, CamelFileAbsolutePath=C:\dsp\dsp-api-prov\file\S00001-if-prov-template.yaml, CamelFileInitialOffset=org.apache.camel.support.resume.Resumables$AnonymousResumable@65a54425, CamelFileLastModified=1700555482755, CamelFileLength=865, CamelFileName=S00001-if-prov-template.yaml, CamelFileNameConsumed=S00001-if-prov-template.yaml, CamelFileNameOnly=S00001-if-prov-template.yaml, CamelFileParent=file, CamelFilePath=file\S00001-if-prov-template.yaml, CamelFileRelativePath=S00001-if-prov-template.yaml, CamelMessageTimestamp=1700555482755, fileExtension=yaml, fileName=S00001-if-prov-template.yaml, serviceName=S00001}
2023-12-04 09:33:51.022  INFO 22948 --- [Camel (camel-1) thread #1 - file://file] prov-template.yaml:15                    : 확장자: yaml
2023-12-04 09:33:51.023  INFO 22948 --- [Camel (camel-1) thread #1 - file://file] prov-template.yaml:16                    : 파일명: S00001-if-prov-template.yaml
2023-12-04 09:33:51.023  INFO 22948 --- [Camel (camel-1) thread #1 - file://file] prov-template.yaml:17                    : 서비스명: S00001
2023-12-04 09:33:51.023  INFO 22948 --- [Camel (camel-1) thread #1 - file://file] prov-template.yaml:18                    : 에이전트: if
2023-12-04 09:33:51.025  INFO 22948 --- [Camel (camel-1) thread #1 - file://file] prov-template.yaml:32                    : 시간 지연 2초 시작
2023-12-04 09:33:51.358  INFO 22948 --- [RMI TCP Connection(3)-172.30.1.11] o.a.c.c.C.[Tomcat].[localhost].[/]       : Initializing Spring DispatcherServlet 'dispatcherServlet'
2023-12-04 09:33:51.358  INFO 22948 --- [RMI TCP Connection(3)-172.30.1.11] o.s.web.servlet.DispatcherServlet        : Initializing Servlet 'dispatcherServlet'
2023-12-04 09:33:51.359  INFO 22948 --- [RMI TCP Connection(3)-172.30.1.11] o.s.web.servlet.DispatcherServlet        : Completed initialization in 1 ms
2023-12-04 09:33:55.435  INFO 22948 --- [Camel (camel-1) thread #2 - Delay] g.k.dsp.api.processor.FileSendProcessor  : ====url====http://172.30.1.84:6666
2023-12-04 09:33:55.457  INFO 22948 --- [Camel (camel-1) thread #2 - Delay] prov-template.yaml:11                    : Connect to 172.30.1.84:6666 [/172.30.1.84] failed: Connection refused: connect
2023-12-04 09:55:20.018  INFO 22948 --- [SpringApplicationShutdownHook] o.a.c.impl.engine.AbstractCamelContext   : Apache Camel 3.20.0 (camel-1) is shutting down (timeout:45s)
2023-12-04 09:55:20.031  INFO 22948 --- [Camel (camel-1) thread #3 - ShutdownTask] o.e.jetty.server.AbstractConnector       : Stopped ServerConnector@4ae5ddc0{HTTP/1.1, (http/1.1)}{localhost:5555}
2023-12-04 09:55:20.033  INFO 22948 --- [Camel (camel-1) thread #3 - ShutdownTask] o.e.jetty.server.handler.ContextHandler  : Stopped o.e.j.s.ServletContextHandler@51da7b08{/,null,STOPPED}
2023-12-04 09:55:20.038  INFO 22948 --- [SpringApplicationShutdownHook] o.a.c.impl.engine.AbstractCamelContext   : Routes stopped (stopped:2)
2023-12-04 09:55:20.038  INFO 22948 --- [SpringApplicationShutdownHook] o.a.c.impl.engine.AbstractCamelContext   :     Stopped dsp-deploy-agent (file://file)
2023-12-04 09:55:20.038  INFO 22948 --- [SpringApplicationShutdownHook] o.a.c.impl.engine.AbstractCamelContext   :     Stopped dsp-exec (jetty:http://localhost:5555/%7B%7D/%7B%7D)
2023-12-04 09:55:20.042  INFO 22948 --- [SpringApplicationShutdownHook] o.a.c.impl.engine.AbstractCamelContext   : Apache Camel 3.20.0 (camel-1) shutdown in 23ms (uptime:21m30s)
2023-12-04 09:55:20.632  INFO 22948 --- [SpringApplicationShutdownHook] o.a.c.c.s.CamelHttpTransportServlet      : Destroyed CamelHttpTransportServlet[CamelServlet]
2023-12-04 09:55:26.290  INFO 4664 --- [main] go.kr.dsp.api.DspApiProvApplication      : Starting DspApiProvApplication using Java 11.0.20 on yoonms0623 with PID 4664 (C:\dsp\dsp-api-prov\build\classes\java\main started by yoonms0623 in C:\dsp\dsp-api-prov)
2023-12-04 09:55:26.292  INFO 4664 --- [main] go.kr.dsp.api.DspApiProvApplication      : The following 1 profile is active: "prov"
2023-12-04 09:55:27.179  INFO 4664 --- [main] o.s.b.w.embedded.tomcat.TomcatWebServer  : Tomcat initialized with port(s): 8888 (http)
2023-12-04 09:55:27.185  INFO 4664 --- [main] o.apache.catalina.core.StandardService   : Starting service [Tomcat]
2023-12-04 09:55:27.186  INFO 4664 --- [main] org.apache.catalina.core.StandardEngine  : Starting Servlet engine: [Apache Tomcat/9.0.70]
2023-12-04 09:55:27.291  INFO 4664 --- [main] o.a.c.c.C.[Tomcat].[localhost].[/]       : Initializing Spring embedded WebApplicationContext
2023-12-04 09:55:27.292  INFO 4664 --- [main] w.s.c.ServletWebServerApplicationContext : Root WebApplicationContext: initialization completed in 974 ms
2023-12-04 09:55:28.216  INFO 4664 --- [main] o.s.b.a.e.web.EndpointLinksResolver      : Exposing 1 endpoint(s) beneath base path '/actuator'
2023-12-04 09:55:28.277  INFO 4664 --- [main] o.a.c.c.s.CamelHttpTransportServlet      : Initialized CamelHttpTransportServlet[name=CamelServlet, contextPath=]
2023-12-04 09:55:28.278  INFO 4664 --- [main] o.s.b.w.embedded.tomcat.TomcatWebServer  : Tomcat started on port(s): 8888 (http) with context path ''
2023-12-04 09:55:28.636  INFO 4664 --- [main] o.a.c.impl.engine.AbstractCamelContext   : Apache Camel 3.20.0 (camel-1) is starting
2023-12-04 09:55:28.648  INFO 4664 --- [main] org.eclipse.jetty.util.log               : Logging initialized @3791ms to org.eclipse.jetty.util.log.Slf4jLog
2023-12-04 09:55:28.678  WARN 4664 --- [main] o.a.c.c.jetty.JettyHttpComponent         : You use localhost interface! It means that no external connections will be available. Don't you want to use 0.0.0.0 instead (all network interfaces)? jetty:http://localhost:5555/%7B%7D/%7B%7D
2023-12-04 09:55:28.691  INFO 4664 --- [main] org.eclipse.jetty.server.Server          : jetty-9.4.50.v20221201; built: 2022-12-01T22:07:03.915Z; git: da9a0b30691a45daf90a9f17b5defa2f1434f882; jvm 11.0.20+8
2023-12-04 09:55:28.712  INFO 4664 --- [main] o.e.jetty.server.handler.ContextHandler  : Started o.e.j.s.ServletContextHandler@14eb96e9{/,null,AVAILABLE}
2023-12-04 09:55:28.730  INFO 4664 --- [main] o.e.jetty.server.AbstractConnector       : Started ServerConnector@491cc0eb{HTTP/1.1, (http/1.1)}{localhost:5555}
2023-12-04 09:55:28.730  INFO 4664 --- [main] org.eclipse.jetty.server.Server          : Started @3873ms
2023-12-04 09:55:28.738  INFO 4664 --- [main] o.a.c.impl.engine.AbstractCamelContext   : Routes startup (started:2)
2023-12-04 09:55:28.738  INFO 4664 --- [main] o.a.c.impl.engine.AbstractCamelContext   :     Started dsp-exec (jetty:http://localhost:5555/%7B%7D/%7B%7D)
2023-12-04 09:55:28.738  INFO 4664 --- [main] o.a.c.impl.engine.AbstractCamelContext   :     Started dsp-deploy-agent (file://file)
2023-12-04 09:55:28.738  INFO 4664 --- [main] o.a.c.impl.engine.AbstractCamelContext   : Apache Camel 3.20.0 (camel-1) started in 381ms (build:39ms init:240ms start:102ms)
2023-12-04 09:55:28.744  INFO 4664 --- [main] go.kr.dsp.api.DspApiProvApplication      : Started DspApiProvApplication in 2.708 seconds (JVM running for 3.886)
2023-12-04 09:55:29.725  INFO 4664 --- [RMI TCP Connection(1)-172.30.1.11] o.a.c.c.C.[Tomcat].[localhost].[/]       : Initializing Spring DispatcherServlet 'dispatcherServlet'
2023-12-04 09:55:29.727  INFO 4664 --- [RMI TCP Connection(1)-172.30.1.11] o.s.web.servlet.DispatcherServlet        : Initializing Servlet 'dispatcherServlet'
2023-12-04 09:55:29.729  INFO 4664 --- [RMI TCP Connection(1)-172.30.1.11] o.s.web.servlet.DispatcherServlet        : Completed initialization in 1 ms
2023-12-04 09:55:34.917  INFO 4664 --- [Camel (camel-1) thread #1 - file://file] prov-template.yaml:11                    : 서비스명이 잘못됨
2023-12-04 09:56:47.308  INFO 4664 --- [Camel (camel-1) thread #1 - file://file] prov-template.yaml:11                    : 에이전트명이 잘못됨
2023-12-04 09:57:05.771  INFO 4664 --- [Camel (camel-1) thread #1 - file://file] g.kr.dsp.api.processor.FileExtProcessor  : 파일 크기: 0.84 mb
2023-12-04 09:57:05.771  INFO 4664 --- [Camel (camel-1) thread #1 - file://file] prov-template.yaml:14                    : {agentName=if, CamelFileAbsolute=false, CamelFileAbsolutePath=C:\dsp\dsp-api-prov\file\S00001-if-prov-template.yaml, CamelFileInitialOffset=org.apache.camel.support.resume.Resumables$AnonymousResumable@569b4c4, CamelFileLastModified=1700555482755, CamelFileLength=865, CamelFileName=S00001-if-prov-template.yaml, CamelFileNameConsumed=S00001-if-prov-template.yaml, CamelFileNameOnly=S00001-if-prov-template.yaml, CamelFileParent=file, CamelFilePath=file\S00001-if-prov-template.yaml, CamelFileRelativePath=S00001-if-prov-template.yaml, CamelMessageTimestamp=1700555482755, fileExtension=yaml, fileName=S00001-if-prov-template.yaml, serviceName=S00001}
2023-12-04 09:57:05.772  INFO 4664 --- [Camel (camel-1) thread #1 - file://file] prov-template.yaml:15                    : 확장자: yaml
2023-12-04 09:57:05.772  INFO 4664 --- [Camel (camel-1) thread #1 - file://file] prov-template.yaml:16                    : 파일명: S00001-if-prov-template.yaml
2023-12-04 09:57:05.772  INFO 4664 --- [Camel (camel-1) thread #1 - file://file] prov-template.yaml:17                    : 서비스명: S00001
2023-12-04 09:57:05.772  INFO 4664 --- [Camel (camel-1) thread #1 - file://file] prov-template.yaml:18                    : 에이전트: if
2023-12-04 09:57:05.775  INFO 4664 --- [Camel (camel-1) thread #1 - file://file] prov-template.yaml:32                    : 시간 지연 2초 시작
2023-12-04 09:57:10.004  INFO 4664 --- [Camel (camel-1) thread #2 - Delay] g.k.dsp.api.processor.FileSendProcessor  : ====url====http://172.30.1.84:6666
2023-12-04 09:57:10.005  INFO 4664 --- [Camel (camel-1) thread #2 - Delay] prov-template.yaml:11                    : Connect to 172.30.1.84:6666 [/172.30.1.84] failed: Connection refused: connect
2023-12-04 10:24:42.629  INFO 4664 --- [SpringApplicationShutdownHook] o.a.c.impl.engine.AbstractCamelContext   : Apache Camel 3.20.0 (camel-1) is shutting down (timeout:45s)
2023-12-04 10:24:42.640  INFO 4664 --- [Camel (camel-1) thread #3 - ShutdownTask] o.e.jetty.server.AbstractConnector       : Stopped ServerConnector@491cc0eb{HTTP/1.1, (http/1.1)}{localhost:5555}
2023-12-04 10:24:42.644  INFO 4664 --- [Camel (camel-1) thread #3 - ShutdownTask] o.e.jetty.server.handler.ContextHandler  : Stopped o.e.j.s.ServletContextHandler@14eb96e9{/,null,STOPPED}
2023-12-04 10:24:42.648  INFO 4664 --- [SpringApplicationShutdownHook] o.a.c.impl.engine.AbstractCamelContext   : Routes stopped (stopped:2)
2023-12-04 10:24:42.648  INFO 4664 --- [SpringApplicationShutdownHook] o.a.c.impl.engine.AbstractCamelContext   :     Stopped dsp-deploy-agent (file://file)
2023-12-04 10:24:42.648  INFO 4664 --- [SpringApplicationShutdownHook] o.a.c.impl.engine.AbstractCamelContext   :     Stopped dsp-exec (jetty:http://localhost:5555/%7B%7D/%7B%7D)
2023-12-04 10:24:42.652  INFO 4664 --- [SpringApplicationShutdownHook] o.a.c.impl.engine.AbstractCamelContext   : Apache Camel 3.20.0 (camel-1) shutdown in 22ms (uptime:29m14s)
2023-12-04 10:24:43.247  INFO 4664 --- [SpringApplicationShutdownHook] o.a.c.c.s.CamelHttpTransportServlet      : Destroyed CamelHttpTransportServlet[CamelServlet]
2023-12-04 10:24:47.390  INFO 32636 --- [main] go.kr.dsp.api.DspApiProvApplication      : Starting DspApiProvApplication using Java 11.0.20 on yoonms0623 with PID 32636 (C:\dsp\dsp-api-prov\build\classes\java\main started by yoonms0623 in C:\dsp\dsp-api-prov)
2023-12-04 10:24:47.394  INFO 32636 --- [main] go.kr.dsp.api.DspApiProvApplication      : The following 1 profile is active: "prov"
2023-12-04 10:24:48.292  INFO 32636 --- [main] o.s.b.w.embedded.tomcat.TomcatWebServer  : Tomcat initialized with port(s): 8888 (http)
2023-12-04 10:24:48.298  INFO 32636 --- [main] o.apache.catalina.core.StandardService   : Starting service [Tomcat]
2023-12-04 10:24:48.298  INFO 32636 --- [main] org.apache.catalina.core.StandardEngine  : Starting Servlet engine: [Apache Tomcat/9.0.70]
2023-12-04 10:24:48.394  INFO 32636 --- [main] o.a.c.c.C.[Tomcat].[localhost].[/]       : Initializing Spring embedded WebApplicationContext
2023-12-04 10:24:48.394  INFO 32636 --- [main] w.s.c.ServletWebServerApplicationContext : Root WebApplicationContext: initialization completed in 966 ms
2023-12-04 10:24:49.169  INFO 32636 --- [main] o.s.b.a.e.web.EndpointLinksResolver      : Exposing 1 endpoint(s) beneath base path '/actuator'
2023-12-04 10:24:49.222  INFO 32636 --- [main] o.a.c.c.s.CamelHttpTransportServlet      : Initialized CamelHttpTransportServlet[name=CamelServlet, contextPath=]
2023-12-04 10:24:49.223  INFO 32636 --- [main] o.s.b.w.embedded.tomcat.TomcatWebServer  : Tomcat started on port(s): 8888 (http) with context path ''
2023-12-04 10:24:49.462  INFO 32636 --- [main] o.a.c.impl.engine.AbstractCamelContext   : Apache Camel 3.20.0 (camel-1) is starting
2023-12-04 10:24:49.474  INFO 32636 --- [main] org.eclipse.jetty.util.log               : Logging initialized @3463ms to org.eclipse.jetty.util.log.Slf4jLog
2023-12-04 10:24:49.495  WARN 32636 --- [main] o.a.c.c.jetty.JettyHttpComponent         : You use localhost interface! It means that no external connections will be available. Don't you want to use 0.0.0.0 instead (all network interfaces)? jetty:http://localhost:5555/%7B%7D/%7B%7D
2023-12-04 10:24:49.507  INFO 32636 --- [main] org.eclipse.jetty.server.Server          : jetty-9.4.50.v20221201; built: 2022-12-01T22:07:03.915Z; git: da9a0b30691a45daf90a9f17b5defa2f1434f882; jvm 11.0.20+8
2023-12-04 10:24:49.524  INFO 32636 --- [main] o.e.jetty.server.handler.ContextHandler  : Started o.e.j.s.ServletContextHandler@446cc036{/,null,AVAILABLE}
2023-12-04 10:24:49.536  INFO 32636 --- [main] o.e.jetty.server.AbstractConnector       : Started ServerConnector@1cfd6f63{HTTP/1.1, (http/1.1)}{localhost:5555}
2023-12-04 10:24:49.537  INFO 32636 --- [main] org.eclipse.jetty.server.Server          : Started @3525ms
2023-12-04 10:24:49.545  INFO 32636 --- [main] o.a.c.impl.engine.AbstractCamelContext   : Routes startup (started:2)
2023-12-04 10:24:49.545  INFO 32636 --- [main] o.a.c.impl.engine.AbstractCamelContext   :     Started dsp-exec (jetty:http://localhost:5555/%7B%7D/%7B%7D)
2023-12-04 10:24:49.545  INFO 32636 --- [main] o.a.c.impl.engine.AbstractCamelContext   :     Started dsp-deploy-agent (file://file)
2023-12-04 10:24:49.545  INFO 32636 --- [main] o.a.c.impl.engine.AbstractCamelContext   : Apache Camel 3.20.0 (camel-1) started in 278ms (build:37ms init:159ms start:82ms)
2023-12-04 10:24:49.549  INFO 32636 --- [main] go.kr.dsp.api.DspApiProvApplication      : Started DspApiProvApplication in 2.436 seconds (JVM running for 3.538)
2023-12-04 10:24:51.075  INFO 32636 --- [RMI TCP Connection(3)-172.30.1.11] o.a.c.c.C.[Tomcat].[localhost].[/]       : Initializing Spring DispatcherServlet 'dispatcherServlet'
2023-12-04 10:24:51.076  INFO 32636 --- [RMI TCP Connection(3)-172.30.1.11] o.s.web.servlet.DispatcherServlet        : Initializing Servlet 'dispatcherServlet'
2023-12-04 10:24:51.078  INFO 32636 --- [RMI TCP Connection(3)-172.30.1.11] o.s.web.servlet.DispatcherServlet        : Completed initialization in 0 ms
2023-12-04 10:47:10.346  INFO 32636 --- [Camel (camel-1) thread #1 - file://file] prov-template.yaml:11                    : 에이전트명이 잘못됨
2023-12-04 10:47:35.617  INFO 32636 --- [Camel (camel-1) thread #1 - file://file] g.kr.dsp.api.processor.FileExtProcessor  : 파일 크기: 0.84 mb
2023-12-04 10:47:35.619  INFO 32636 --- [Camel (camel-1) thread #1 - file://file] prov-template.yaml:14                    : {agentName=if, CamelFileAbsolute=false, CamelFileAbsolutePath=C:\dsp\dsp-api-prov\file\S00001-if-prov-template.yaml, CamelFileInitialOffset=org.apache.camel.support.resume.Resumables$AnonymousResumable@2aa040bb, CamelFileLastModified=1700555482755, CamelFileLength=865, CamelFileName=S00001-if-prov-template.yaml, CamelFileNameConsumed=S00001-if-prov-template.yaml, CamelFileNameOnly=S00001-if-prov-template.yaml, CamelFileParent=file, CamelFilePath=file\S00001-if-prov-template.yaml, CamelFileRelativePath=S00001-if-prov-template.yaml, CamelMessageTimestamp=1700555482755, fileExtension=yaml, fileName=S00001-if-prov-template.yaml, serviceName=S00001}
2023-12-04 10:47:35.623  INFO 32636 --- [Camel (camel-1) thread #1 - file://file] prov-template.yaml:15                    : 확장자: yaml
2023-12-04 10:47:35.625  INFO 32636 --- [Camel (camel-1) thread #1 - file://file] prov-template.yaml:16                    : 파일명: S00001-if-prov-template.yaml
2023-12-04 10:47:35.629  INFO 32636 --- [Camel (camel-1) thread #1 - file://file] prov-template.yaml:17                    : 서비스명: S00001
2023-12-04 10:47:35.630  INFO 32636 --- [Camel (camel-1) thread #1 - file://file] prov-template.yaml:18                    : 에이전트: if
2023-12-04 10:47:35.641  INFO 32636 --- [Camel (camel-1) thread #1 - file://file] prov-template.yaml:32                    : 시간 지연 2초 시작
2023-12-04 10:47:37.901  INFO 32636 --- [Camel (camel-1) thread #2 - Delay] g.k.dsp.api.processor.FileSendProcessor  : ====url====http://172.30.1.84:6666
2023-12-04 10:47:37.903  INFO 32636 --- [Camel (camel-1) thread #2 - Delay] prov-template.yaml:37                    : 시간 지연 2초 끝
2023-12-04 10:47:37.903  INFO 32636 --- [Camel (camel-1) thread #2 - Delay] prov-template.yaml:38                    : 파일 전송 성공
2023-12-04 11:18:27.518  INFO 32636 --- [Camel (camel-1) thread #1 - file://file] g.kr.dsp.api.processor.FileExtProcessor  : 파일 크기: 0.84 mb
2023-12-04 11:18:27.519  INFO 32636 --- [Camel (camel-1) thread #1 - file://file] prov-template.yaml:14                    : {agentName=deploy, CamelFileAbsolute=false, CamelFileAbsolutePath=C:\dsp\dsp-api-prov\file\S00001-deploy-prov-template.yaml, CamelFileInitialOffset=org.apache.camel.support.resume.Resumables$AnonymousResumable@794869d6, CamelFileLastModified=1700555482755, CamelFileLength=865, CamelFileName=S00001-deploy-prov-template.yaml, CamelFileNameConsumed=S00001-deploy-prov-template.yaml, CamelFileNameOnly=S00001-deploy-prov-template.yaml, CamelFileParent=file, CamelFilePath=file\S00001-deploy-prov-template.yaml, CamelFileRelativePath=S00001-deploy-prov-template.yaml, CamelMessageTimestamp=1700555482755, fileExtension=yaml, fileName=S00001-deploy-prov-template.yaml, serviceName=S00001}
2023-12-04 11:18:27.519  INFO 32636 --- [Camel (camel-1) thread #1 - file://file] prov-template.yaml:15                    : 확장자: yaml
2023-12-04 11:18:27.519  INFO 32636 --- [Camel (camel-1) thread #1 - file://file] prov-template.yaml:16                    : 파일명: S00001-deploy-prov-template.yaml
2023-12-04 11:18:27.519  INFO 32636 --- [Camel (camel-1) thread #1 - file://file] prov-template.yaml:17                    : 서비스명: S00001
2023-12-04 11:18:27.520  INFO 32636 --- [Camel (camel-1) thread #1 - file://file] prov-template.yaml:18                    : 에이전트: deploy
2023-12-04 11:18:27.520  INFO 32636 --- [Camel (camel-1) thread #1 - file://file] prov-template.yaml:32                    : 시간 지연 2초 시작
2023-12-04 11:18:28.024  INFO 32636 --- [Camel (camel-1) thread #1 - file://file] g.kr.dsp.api.processor.FileExtProcessor  : 파일 크기: 0.84 mb
2023-12-04 11:18:28.024  INFO 32636 --- [Camel (camel-1) thread #1 - file://file] prov-template.yaml:14                    : {agentName=if, CamelFileAbsolute=false, CamelFileAbsolutePath=C:\dsp\dsp-api-prov\file\S00001-if-prov-template.yaml, CamelFileInitialOffset=org.apache.camel.support.resume.Resumables$AnonymousResumable@790b88da, CamelFileLastModified=1700555482755, CamelFileLength=865, CamelFileName=S00001-if-prov-template.yaml, CamelFileNameConsumed=S00001-if-prov-template.yaml, CamelFileNameOnly=S00001-if-prov-template.yaml, CamelFileParent=file, CamelFilePath=file\S00001-if-prov-template.yaml, CamelFileRelativePath=S00001-if-prov-template.yaml, CamelMessageTimestamp=1700555482755, fileExtension=yaml, fileName=S00001-if-prov-template.yaml, serviceName=S00001}
2023-12-04 11:18:28.024  INFO 32636 --- [Camel (camel-1) thread #1 - file://file] prov-template.yaml:15                    : 확장자: yaml
2023-12-04 11:18:28.024  INFO 32636 --- [Camel (camel-1) thread #1 - file://file] prov-template.yaml:16                    : 파일명: S00001-if-prov-template.yaml
2023-12-04 11:18:28.024  INFO 32636 --- [Camel (camel-1) thread #1 - file://file] prov-template.yaml:17                    : 서비스명: S00001
2023-12-04 11:18:28.024  INFO 32636 --- [Camel (camel-1) thread #1 - file://file] prov-template.yaml:18                    : 에이전트: if
2023-12-04 11:18:28.025  INFO 32636 --- [Camel (camel-1) thread #1 - file://file] prov-template.yaml:32                    : 시간 지연 2초 시작
2023-12-04 11:18:29.550  INFO 32636 --- [Camel (camel-1) thread #2 - Delay] g.k.dsp.api.processor.FileSendProcessor  : ====url====http://172.30.1.84:6666
2023-12-04 11:18:29.552  INFO 32636 --- [Camel (camel-1) thread #2 - Delay] prov-template.yaml:37                    : 시간 지연 2초 끝
2023-12-04 11:18:29.552  INFO 32636 --- [Camel (camel-1) thread #2 - Delay] prov-template.yaml:38                    : 파일 전송 성공
2023-12-04 11:18:30.039  INFO 32636 --- [Camel (camel-1) thread #3 - Delay] g.k.dsp.api.processor.FileSendProcessor  : ====url====http://172.30.1.84:6666
2023-12-04 11:18:30.040  INFO 32636 --- [Camel (camel-1) thread #3 - Delay] prov-template.yaml:37                    : 시간 지연 2초 끝
2023-12-04 11:18:30.041  INFO 32636 --- [Camel (camel-1) thread #3 - Delay] prov-template.yaml:38                    : 파일 전송 성공
